============================================================
  Generated by:           Genus(TM) Synthesis Solution 22.11-s104_1
  Generated on:           Oct 04 2024  01:25:30 pm
  Module:                 DigitalLDOLogic
  Library domain:         ss_100C_1v60.setup_cond
    Domain index:         0
    Technology libraries: sky130_fd_sc_hd__ss_100C_1v60 1.0000000000
                          sky130_ef_io__gpiov2_pad_wrapped_ss_ss_100C_1v60_3v00 1.0
                          sky130_ef_io__vccd_lvc_clamped3_pad_ss_100C_1v60_3v00_3v00 1.0000000
                          sky130_ef_io__vccd_lvc_clamped_pad_ss_100C_1v60_3v00_3v00 1.0000000
                          sky130_ef_io__vdda_hvc_clamped_pad_ss_100C_1v60_3v00_3v00 1.0000000
                          sky130_ef_io__vddio_hvc_clamped_pad_ss_100C_1v60_3v00_3v00 1.0000000
                          sky130_ef_io__vssa_hvc_clamped_pad_ss_100C_1v60_3v00_3v00 1.0000000
                          sky130_ef_io__vssd_lvc_clamped3_pad_ss_100C_1v60_3v00 1.0
                          sky130_ef_io__vssd_lvc_clamped_pad_ss_100C_1v60_3v00 1.0
                          sky130_ef_io__vssio_hvc_clamped_pad_ss_100C_1v60_3v00_3v00 1.0000000
                          sky130_fd_io__top_gpiov2_ss_ss_100C_1v60_3v00 1.0
                          sky130_fd_io__top_ground_hvc_wpad_ss_100C_1v60_3v00_3v00 1.0000000
                          sky130_fd_io__top_ground_lvc_wpad_ss_100C_1v60_3v00 1.0
                          sky130_fd_io__top_power_hvc_wpad_ss_100C_1v60_3v00_3v00 1.0000000
                          sky130_fd_io__top_power_lvc_wpad_ss_100C_1v60_3v00_3v00 1.0000000
                          sky130_fd_io__top_xres4v2_ss_ss_100C_1v60_3v00 1.0
                          sram22_1024x32m8w8 1.0
                          sram22_64x32m4w32 1.0
                          sram22_1024x32m8w32 1.0
                          sram22_512x32m4w32 1.0
                          sram22_2048x32m8w8 1.0
                          sram22_512x32m4w8 1.0
                          sram22_4096x32m8w8 1.0
                          sram22_64x4m4w2 1.0
                          sram22_256x32m4w8 1.0
                          sram22_4096x8m8w8 1.0
                          sram22_64x32m4w8 1.0
                          sram22_64x24m4w24 1.0
                          sram22_512x64m4w8 1.0
  Operating conditions:   ss_100C_1v60 
  Interconnect mode:      global
  Area mode:              physical library
============================================================

                                               Leakage                                   Library 
          Gate            Instances   Area   Power (nW)              Library              Domain 
-------------------------------------------------------------------------------------------------
sky130_fd_sc_hd__a21o_1           1    7.507      4.934    sky130_fd_sc_hd__ss_100C_1v60       0 
sky130_fd_sc_hd__a221o_1          8   80.077     23.051    sky130_fd_sc_hd__ss_100C_1v60       0 
sky130_fd_sc_hd__buf_8           10  150.144    123.915    sky130_fd_sc_hd__ss_100C_1v60       0 
sky130_fd_sc_hd__dfxtp_1         10  200.192    142.097    sky130_fd_sc_hd__ss_100C_1v60       0 
sky130_fd_sc_hd__inv_1            1    3.754      4.026    sky130_fd_sc_hd__ss_100C_1v60       0 
sky130_fd_sc_hd__or3_1            1    6.256      1.783    sky130_fd_sc_hd__ss_100C_1v60       0 
-------------------------------------------------------------------------------------------------
total                            31  447.930    299.806                                  


                                          Leakage  Leakage 
     Type      Instances   Area  Area % Power (nW) Power % 
-----------------------------------------------------------
sequential            10 200.192   44.7    142.097    47.4 
inverter               1   3.754    0.8      4.026     1.3 
buffer                10 150.144   33.5    123.915    41.3 
logic                 10  93.840   20.9     29.768     9.9 
physical_cells         0   0.000    0.0      0.000     0.0 
-----------------------------------------------------------
total                 31 447.930  100.0    299.806   100.0 

