

Working Directory = /home/aa/users/cs199-apt/cadence/digitallogic/asic_labs_fa23/lab2/build/syn-rundir
QoS Summary for DigitalLDOLogic
================================================================================
Metric                          final          
================================================================================
Slack (ps):                    97,336
  R2R (ps):                    97,336
  I2R (ps):                  no_value
  R2O (ps):                  no_value
  I2O (ps):                  no_value
  CG  (ps):                  no_value
TNS (ps):                           0
  R2R (ps):                         0
  I2R (ps):                  no_value
  R2O (ps):                  no_value
  I2O (ps):                  no_value
  CG  (ps):                  no_value
Failing Paths:                      0
Cell Area:                        448
Total Cell Area:                  448
Leaf Instances:                    31
Total Instances:                   31
Utilization (%):                 0.00
Tot. Net Length (um):        no_value
Avg. Net Length (um):        no_value
Route Overflow H (%):        no_value
Route Overflow V (%):        no_value
MBCI(%) (bits/gate) :            0.00
Norm Cong Hotspot Area:
  Max Cong:                  no_value
  Tot Cong:                  no_value
================================================================================
CPU  Runtime (h:m:s):        00:00:07
Real Runtime (h:m:s):        00:00:07
CPU  Elapsed (h:m:s):        00:00:11
Real Elapsed (h:m:s):        00:00:09
Memory (MB):                  1406.49
================================================================================
================================================================================
Flow Settings:
================================================================================
Total Runtime (h:m:s): 00:00:08
Total Memory (MB):     1406.49
Executable Version:    22.11-s104_1
================================================================================
Total Cell Area =  Cell Area + Physical Cell Area
Total Instances =  Leaf Instances + Physical Instances


