============================================================
  Generated by:           Genus(TM) Synthesis Solution 22.11-s104_1
  Generated on:           Sep 01 2024  03:21:33 pm
  Module:                 DigitalLDOLogic
  Operating conditions:   ss_1.60_3.00_3.00_100 
  Interconnect mode:      global
  Area mode:              physical library
============================================================


Path 1: UNCONSTRAINED
           View: ss_100C_1v60.setup_view
     Startpoint: (R) pass_reg[254]/CLK
          Clock: (R) clk
       Endpoint: (R) out[254]

                     Capture    Launch     
        Clock Edge:+       -         0     
       Src Latency:+       -         0     
       Net Latency:+       -         0 (I) 
           Arrival:=       -         0     
                                           
      Launch Clock:-       0               
         Data Path:-    2839               

#--------------------------------------------------------------------------------------------------------------------
#   Timing Point    Flags    Arc   Edge           Cell              Power Fanout  Load  Trans Delay Arrival Instance 
#                                                                  Domain         (fF)   (ps)  (ps)   (ps)  Location 
#--------------------------------------------------------------------------------------------------------------------
  pass_reg[254]/CLK -       -      R     (arrival)                  AO       256      -     0     0       0    (-,-) 
  pass_reg[254]/Q   -       CLK->Q R     sky130_fd_sc_hd__dfxtp_1   AO         2    6.4   120   631     631    (-,-) 
  g5275/X           -       A->X   R     sky130_fd_sc_hd__clkbuf_1  AO         2   11.6   234   287     917    (-,-) 
  g5274/X           -       A->X   R     sky130_fd_sc_hd__buf_8     AO         1 1001.3  2398  1913    2831    (-,-) 
  out[254]          -       -      R     (port)                     AO         -      -     -     8    2839    (-,-) 
#--------------------------------------------------------------------------------------------------------------------



Path 2: UNCONSTRAINED
           View: ss_100C_1v60.setup_view
     Startpoint: (R) pass_reg[207]/CLK
          Clock: (R) clk
       Endpoint: (R) out[207]

                     Capture    Launch     
        Clock Edge:+       -         0     
       Src Latency:+       -         0     
       Net Latency:+       -         0 (I) 
           Arrival:=       -         0     
                                           
      Launch Clock:-       0               
         Data Path:-    2638               

#-------------------------------------------------------------------------------------------------------------------
#   Timing Point    Flags    Arc   Edge           Cell             Power Fanout  Load  Trans Delay Arrival Instance 
#                                                                 Domain         (fF)   (ps)  (ps)   (ps)  Location 
#-------------------------------------------------------------------------------------------------------------------
  pass_reg[207]/CLK -       -      R     (arrival)                 AO       256      -     0     0       0    (-,-) 
  pass_reg[207]/Q   -       CLK->Q R     sky130_fd_sc_hd__dfxtp_1  AO         3   14.6   234   717     717    (-,-) 
  g5120/X           -       A->X   R     sky130_fd_sc_hd__buf_8    AO         1 1001.3  2398  1913    2630    (-,-) 
  out[207]          -       -      R     (port)                    AO         -      -     -     8    2638    (-,-) 
#-------------------------------------------------------------------------------------------------------------------



Path 3: UNCONSTRAINED
           View: ss_100C_1v60.setup_view
     Startpoint: (R) pass_reg[208]/CLK
          Clock: (R) clk
       Endpoint: (R) out[208]

                     Capture    Launch     
        Clock Edge:+       -         0     
       Src Latency:+       -         0     
       Net Latency:+       -         0 (I) 
           Arrival:=       -         0     
                                           
      Launch Clock:-       0               
         Data Path:-    2638               

#-------------------------------------------------------------------------------------------------------------------
#   Timing Point    Flags    Arc   Edge           Cell             Power Fanout  Load  Trans Delay Arrival Instance 
#                                                                 Domain         (fF)   (ps)  (ps)   (ps)  Location 
#-------------------------------------------------------------------------------------------------------------------
  pass_reg[208]/CLK -       -      R     (arrival)                 AO       256      -     0     0       0    (-,-) 
  pass_reg[208]/Q   -       CLK->Q R     sky130_fd_sc_hd__dfxtp_1  AO         3   14.6   234   717     717    (-,-) 
  g5110/X           -       A->X   R     sky130_fd_sc_hd__buf_8    AO         1 1001.3  2398  1913    2630    (-,-) 
  out[208]          -       -      R     (port)                    AO         -      -     -     8    2638    (-,-) 
#-------------------------------------------------------------------------------------------------------------------



Path 4: UNCONSTRAINED
           View: ss_100C_1v60.setup_view
     Startpoint: (R) pass_reg[209]/CLK
          Clock: (R) clk
       Endpoint: (R) out[209]

                     Capture    Launch     
        Clock Edge:+       -         0     
       Src Latency:+       -         0     
       Net Latency:+       -         0 (I) 
           Arrival:=       -         0     
                                           
      Launch Clock:-       0               
         Data Path:-    2638               

#-------------------------------------------------------------------------------------------------------------------
#   Timing Point    Flags    Arc   Edge           Cell             Power Fanout  Load  Trans Delay Arrival Instance 
#                                                                 Domain         (fF)   (ps)  (ps)   (ps)  Location 
#-------------------------------------------------------------------------------------------------------------------
  pass_reg[209]/CLK -       -      R     (arrival)                 AO       256      -     0     0       0    (-,-) 
  pass_reg[209]/Q   -       CLK->Q R     sky130_fd_sc_hd__dfxtp_1  AO         3   14.6   234   717     717    (-,-) 
  g5256/X           -       A->X   R     sky130_fd_sc_hd__buf_8    AO         1 1001.3  2398  1913    2630    (-,-) 
  out[209]          -       -      R     (port)                    AO         -      -     -     8    2638    (-,-) 
#-------------------------------------------------------------------------------------------------------------------



Path 5: UNCONSTRAINED
           View: ss_100C_1v60.setup_view
     Startpoint: (R) pass_reg[210]/CLK
          Clock: (R) clk
       Endpoint: (R) out[210]

                     Capture    Launch     
        Clock Edge:+       -         0     
       Src Latency:+       -         0     
       Net Latency:+       -         0 (I) 
           Arrival:=       -         0     
                                           
      Launch Clock:-       0               
         Data Path:-    2638               

#-------------------------------------------------------------------------------------------------------------------
#   Timing Point    Flags    Arc   Edge           Cell             Power Fanout  Load  Trans Delay Arrival Instance 
#                                                                 Domain         (fF)   (ps)  (ps)   (ps)  Location 
#-------------------------------------------------------------------------------------------------------------------
  pass_reg[210]/CLK -       -      R     (arrival)                 AO       256      -     0     0       0    (-,-) 
  pass_reg[210]/Q   -       CLK->Q R     sky130_fd_sc_hd__dfxtp_1  AO         3   14.6   234   717     717    (-,-) 
  g5347/X           -       A->X   R     sky130_fd_sc_hd__buf_8    AO         1 1001.3  2398  1913    2630    (-,-) 
  out[210]          -       -      R     (port)                    AO         -      -     -     8    2638    (-,-) 
#-------------------------------------------------------------------------------------------------------------------



Path 6: UNCONSTRAINED
           View: ss_100C_1v60.setup_view
     Startpoint: (R) pass_reg[211]/CLK
          Clock: (R) clk
       Endpoint: (R) out[211]

                     Capture    Launch     
        Clock Edge:+       -         0     
       Src Latency:+       -         0     
       Net Latency:+       -         0 (I) 
           Arrival:=       -         0     
                                           
      Launch Clock:-       0               
         Data Path:-    2638               

#-------------------------------------------------------------------------------------------------------------------
#   Timing Point    Flags    Arc   Edge           Cell             Power Fanout  Load  Trans Delay Arrival Instance 
#                                                                 Domain         (fF)   (ps)  (ps)   (ps)  Location 
#-------------------------------------------------------------------------------------------------------------------
  pass_reg[211]/CLK -       -      R     (arrival)                 AO       256      -     0     0       0    (-,-) 
  pass_reg[211]/Q   -       CLK->Q R     sky130_fd_sc_hd__dfxtp_1  AO         3   14.6   234   717     717    (-,-) 
  g5253/X           -       A->X   R     sky130_fd_sc_hd__buf_8    AO         1 1001.3  2398  1913    2630    (-,-) 
  out[211]          -       -      R     (port)                    AO         -      -     -     8    2638    (-,-) 
#-------------------------------------------------------------------------------------------------------------------



Path 7: UNCONSTRAINED
           View: ss_100C_1v60.setup_view
     Startpoint: (R) pass_reg[212]/CLK
          Clock: (R) clk
       Endpoint: (R) out[212]

                     Capture    Launch     
        Clock Edge:+       -         0     
       Src Latency:+       -         0     
       Net Latency:+       -         0 (I) 
           Arrival:=       -         0     
                                           
      Launch Clock:-       0               
         Data Path:-    2638               

#-------------------------------------------------------------------------------------------------------------------
#   Timing Point    Flags    Arc   Edge           Cell             Power Fanout  Load  Trans Delay Arrival Instance 
#                                                                 Domain         (fF)   (ps)  (ps)   (ps)  Location 
#-------------------------------------------------------------------------------------------------------------------
  pass_reg[212]/CLK -       -      R     (arrival)                 AO       256      -     0     0       0    (-,-) 
  pass_reg[212]/Q   -       CLK->Q R     sky130_fd_sc_hd__dfxtp_1  AO         3   14.6   234   717     717    (-,-) 
  g5238/X           -       A->X   R     sky130_fd_sc_hd__buf_8    AO         1 1001.3  2398  1913    2630    (-,-) 
  out[212]          -       -      R     (port)                    AO         -      -     -     8    2638    (-,-) 
#-------------------------------------------------------------------------------------------------------------------



Path 8: UNCONSTRAINED
           View: ss_100C_1v60.setup_view
     Startpoint: (R) pass_reg[213]/CLK
          Clock: (R) clk
       Endpoint: (R) out[213]

                     Capture    Launch     
        Clock Edge:+       -         0     
       Src Latency:+       -         0     
       Net Latency:+       -         0 (I) 
           Arrival:=       -         0     
                                           
      Launch Clock:-       0               
         Data Path:-    2638               

#-------------------------------------------------------------------------------------------------------------------
#   Timing Point    Flags    Arc   Edge           Cell             Power Fanout  Load  Trans Delay Arrival Instance 
#                                                                 Domain         (fF)   (ps)  (ps)   (ps)  Location 
#-------------------------------------------------------------------------------------------------------------------
  pass_reg[213]/CLK -       -      R     (arrival)                 AO       256      -     0     0       0    (-,-) 
  pass_reg[213]/Q   -       CLK->Q R     sky130_fd_sc_hd__dfxtp_1  AO         3   14.6   234   717     717    (-,-) 
  g5302/X           -       A->X   R     sky130_fd_sc_hd__buf_8    AO         1 1001.3  2398  1913    2630    (-,-) 
  out[213]          -       -      R     (port)                    AO         -      -     -     8    2638    (-,-) 
#-------------------------------------------------------------------------------------------------------------------



Path 9: UNCONSTRAINED
           View: ss_100C_1v60.setup_view
     Startpoint: (R) pass_reg[214]/CLK
          Clock: (R) clk
       Endpoint: (R) out[214]

                     Capture    Launch     
        Clock Edge:+       -         0     
       Src Latency:+       -         0     
       Net Latency:+       -         0 (I) 
           Arrival:=       -         0     
                                           
      Launch Clock:-       0               
         Data Path:-    2638               

#-------------------------------------------------------------------------------------------------------------------
#   Timing Point    Flags    Arc   Edge           Cell             Power Fanout  Load  Trans Delay Arrival Instance 
#                                                                 Domain         (fF)   (ps)  (ps)   (ps)  Location 
#-------------------------------------------------------------------------------------------------------------------
  pass_reg[214]/CLK -       -      R     (arrival)                 AO       256      -     0     0       0    (-,-) 
  pass_reg[214]/Q   -       CLK->Q R     sky130_fd_sc_hd__dfxtp_1  AO         3   14.6   234   717     717    (-,-) 
  g5321/X           -       A->X   R     sky130_fd_sc_hd__buf_8    AO         1 1001.3  2398  1913    2630    (-,-) 
  out[214]          -       -      R     (port)                    AO         -      -     -     8    2638    (-,-) 
#-------------------------------------------------------------------------------------------------------------------



Path 10: UNCONSTRAINED
           View: ss_100C_1v60.setup_view
     Startpoint: (R) pass_reg[215]/CLK
          Clock: (R) clk
       Endpoint: (R) out[215]

                     Capture    Launch     
        Clock Edge:+       -         0     
       Src Latency:+       -         0     
       Net Latency:+       -         0 (I) 
           Arrival:=       -         0     
                                           
      Launch Clock:-       0               
         Data Path:-    2638               

#-------------------------------------------------------------------------------------------------------------------
#   Timing Point    Flags    Arc   Edge           Cell             Power Fanout  Load  Trans Delay Arrival Instance 
#                                                                 Domain         (fF)   (ps)  (ps)   (ps)  Location 
#-------------------------------------------------------------------------------------------------------------------
  pass_reg[215]/CLK -       -      R     (arrival)                 AO       256      -     0     0       0    (-,-) 
  pass_reg[215]/Q   -       CLK->Q R     sky130_fd_sc_hd__dfxtp_1  AO         3   14.6   234   717     717    (-,-) 
  g5265/X           -       A->X   R     sky130_fd_sc_hd__buf_8    AO         1 1001.3  2398  1913    2630    (-,-) 
  out[215]          -       -      R     (port)                    AO         -      -     -     8    2638    (-,-) 
#-------------------------------------------------------------------------------------------------------------------



Path 11: UNCONSTRAINED
           View: ss_100C_1v60.setup_view
     Startpoint: (R) pass_reg[216]/CLK
          Clock: (R) clk
       Endpoint: (R) out[216]

                     Capture    Launch     
        Clock Edge:+       -         0     
       Src Latency:+       -         0     
       Net Latency:+       -         0 (I) 
           Arrival:=       -         0     
                                           
      Launch Clock:-       0               
         Data Path:-    2638               

#-------------------------------------------------------------------------------------------------------------------
#   Timing Point    Flags    Arc   Edge           Cell             Power Fanout  Load  Trans Delay Arrival Instance 
#                                                                 Domain         (fF)   (ps)  (ps)   (ps)  Location 
#-------------------------------------------------------------------------------------------------------------------
  pass_reg[216]/CLK -       -      R     (arrival)                 AO       256      -     0     0       0    (-,-) 
  pass_reg[216]/Q   -       CLK->Q R     sky130_fd_sc_hd__dfxtp_1  AO         3   14.6   234   717     717    (-,-) 
  g5226/X           -       A->X   R     sky130_fd_sc_hd__buf_8    AO         1 1001.3  2398  1913    2630    (-,-) 
  out[216]          -       -      R     (port)                    AO         -      -     -     8    2638    (-,-) 
#-------------------------------------------------------------------------------------------------------------------



Path 12: UNCONSTRAINED
           View: ss_100C_1v60.setup_view
     Startpoint: (R) pass_reg[217]/CLK
          Clock: (R) clk
       Endpoint: (R) out[217]

                     Capture    Launch     
        Clock Edge:+       -         0     
       Src Latency:+       -         0     
       Net Latency:+       -         0 (I) 
           Arrival:=       -         0     
                                           
      Launch Clock:-       0               
         Data Path:-    2638               

#-------------------------------------------------------------------------------------------------------------------
#   Timing Point    Flags    Arc   Edge           Cell             Power Fanout  Load  Trans Delay Arrival Instance 
#                                                                 Domain         (fF)   (ps)  (ps)   (ps)  Location 
#-------------------------------------------------------------------------------------------------------------------
  pass_reg[217]/CLK -       -      R     (arrival)                 AO       256      -     0     0       0    (-,-) 
  pass_reg[217]/Q   -       CLK->Q R     sky130_fd_sc_hd__dfxtp_1  AO         3   14.6   234   717     717    (-,-) 
  g5197/X           -       A->X   R     sky130_fd_sc_hd__buf_8    AO         1 1001.3  2398  1913    2630    (-,-) 
  out[217]          -       -      R     (port)                    AO         -      -     -     8    2638    (-,-) 
#-------------------------------------------------------------------------------------------------------------------



Path 13: UNCONSTRAINED
           View: ss_100C_1v60.setup_view
     Startpoint: (R) pass_reg[218]/CLK
          Clock: (R) clk
       Endpoint: (R) out[218]

                     Capture    Launch     
        Clock Edge:+       -         0     
       Src Latency:+       -         0     
       Net Latency:+       -         0 (I) 
           Arrival:=       -         0     
                                           
      Launch Clock:-       0               
         Data Path:-    2638               

#-------------------------------------------------------------------------------------------------------------------
#   Timing Point    Flags    Arc   Edge           Cell             Power Fanout  Load  Trans Delay Arrival Instance 
#                                                                 Domain         (fF)   (ps)  (ps)   (ps)  Location 
#-------------------------------------------------------------------------------------------------------------------
  pass_reg[218]/CLK -       -      R     (arrival)                 AO       256      -     0     0       0    (-,-) 
  pass_reg[218]/Q   -       CLK->Q R     sky130_fd_sc_hd__dfxtp_1  AO         3   14.6   234   717     717    (-,-) 
  g5352/X           -       A->X   R     sky130_fd_sc_hd__buf_8    AO         1 1001.3  2398  1913    2630    (-,-) 
  out[218]          -       -      R     (port)                    AO         -      -     -     8    2638    (-,-) 
#-------------------------------------------------------------------------------------------------------------------



Path 14: UNCONSTRAINED
           View: ss_100C_1v60.setup_view
     Startpoint: (R) pass_reg[219]/CLK
          Clock: (R) clk
       Endpoint: (R) out[219]

                     Capture    Launch     
        Clock Edge:+       -         0     
       Src Latency:+       -         0     
       Net Latency:+       -         0 (I) 
           Arrival:=       -         0     
                                           
      Launch Clock:-       0               
         Data Path:-    2638               

#-------------------------------------------------------------------------------------------------------------------
#   Timing Point    Flags    Arc   Edge           Cell             Power Fanout  Load  Trans Delay Arrival Instance 
#                                                                 Domain         (fF)   (ps)  (ps)   (ps)  Location 
#-------------------------------------------------------------------------------------------------------------------
  pass_reg[219]/CLK -       -      R     (arrival)                 AO       256      -     0     0       0    (-,-) 
  pass_reg[219]/Q   -       CLK->Q R     sky130_fd_sc_hd__dfxtp_1  AO         3   14.6   234   717     717    (-,-) 
  g5221/X           -       A->X   R     sky130_fd_sc_hd__buf_8    AO         1 1001.3  2398  1913    2630    (-,-) 
  out[219]          -       -      R     (port)                    AO         -      -     -     8    2638    (-,-) 
#-------------------------------------------------------------------------------------------------------------------



Path 15: UNCONSTRAINED
           View: ss_100C_1v60.setup_view
     Startpoint: (R) pass_reg[220]/CLK
          Clock: (R) clk
       Endpoint: (R) out[220]

                     Capture    Launch     
        Clock Edge:+       -         0     
       Src Latency:+       -         0     
       Net Latency:+       -         0 (I) 
           Arrival:=       -         0     
                                           
      Launch Clock:-       0               
         Data Path:-    2638               

#-------------------------------------------------------------------------------------------------------------------
#   Timing Point    Flags    Arc   Edge           Cell             Power Fanout  Load  Trans Delay Arrival Instance 
#                                                                 Domain         (fF)   (ps)  (ps)   (ps)  Location 
#-------------------------------------------------------------------------------------------------------------------
  pass_reg[220]/CLK -       -      R     (arrival)                 AO       256      -     0     0       0    (-,-) 
  pass_reg[220]/Q   -       CLK->Q R     sky130_fd_sc_hd__dfxtp_1  AO         3   14.6   234   717     717    (-,-) 
  g5206/X           -       A->X   R     sky130_fd_sc_hd__buf_8    AO         1 1001.3  2398  1913    2630    (-,-) 
  out[220]          -       -      R     (port)                    AO         -      -     -     8    2638    (-,-) 
#-------------------------------------------------------------------------------------------------------------------



Path 16: UNCONSTRAINED
           View: ss_100C_1v60.setup_view
     Startpoint: (R) pass_reg[221]/CLK
          Clock: (R) clk
       Endpoint: (R) out[221]

                     Capture    Launch     
        Clock Edge:+       -         0     
       Src Latency:+       -         0     
       Net Latency:+       -         0 (I) 
           Arrival:=       -         0     
                                           
      Launch Clock:-       0               
         Data Path:-    2638               

#-------------------------------------------------------------------------------------------------------------------
#   Timing Point    Flags    Arc   Edge           Cell             Power Fanout  Load  Trans Delay Arrival Instance 
#                                                                 Domain         (fF)   (ps)  (ps)   (ps)  Location 
#-------------------------------------------------------------------------------------------------------------------
  pass_reg[221]/CLK -       -      R     (arrival)                 AO       256      -     0     0       0    (-,-) 
  pass_reg[221]/Q   -       CLK->Q R     sky130_fd_sc_hd__dfxtp_1  AO         3   14.6   234   717     717    (-,-) 
  g5114/X           -       A->X   R     sky130_fd_sc_hd__buf_8    AO         1 1001.3  2398  1913    2630    (-,-) 
  out[221]          -       -      R     (port)                    AO         -      -     -     8    2638    (-,-) 
#-------------------------------------------------------------------------------------------------------------------



Path 17: UNCONSTRAINED
           View: ss_100C_1v60.setup_view
     Startpoint: (R) pass_reg[222]/CLK
          Clock: (R) clk
       Endpoint: (R) out[222]

                     Capture    Launch     
        Clock Edge:+       -         0     
       Src Latency:+       -         0     
       Net Latency:+       -         0 (I) 
           Arrival:=       -         0     
                                           
      Launch Clock:-       0               
         Data Path:-    2638               

#-------------------------------------------------------------------------------------------------------------------
#   Timing Point    Flags    Arc   Edge           Cell             Power Fanout  Load  Trans Delay Arrival Instance 
#                                                                 Domain         (fF)   (ps)  (ps)   (ps)  Location 
#-------------------------------------------------------------------------------------------------------------------
  pass_reg[222]/CLK -       -      R     (arrival)                 AO       256      -     0     0       0    (-,-) 
  pass_reg[222]/Q   -       CLK->Q R     sky130_fd_sc_hd__dfxtp_1  AO         3   14.6   234   717     717    (-,-) 
  g5172/X           -       A->X   R     sky130_fd_sc_hd__buf_8    AO         1 1001.3  2398  1913    2630    (-,-) 
  out[222]          -       -      R     (port)                    AO         -      -     -     8    2638    (-,-) 
#-------------------------------------------------------------------------------------------------------------------



Path 18: UNCONSTRAINED
           View: ss_100C_1v60.setup_view
     Startpoint: (R) pass_reg[223]/CLK
          Clock: (R) clk
       Endpoint: (R) out[223]

                     Capture    Launch     
        Clock Edge:+       -         0     
       Src Latency:+       -         0     
       Net Latency:+       -         0 (I) 
           Arrival:=       -         0     
                                           
      Launch Clock:-       0               
         Data Path:-    2638               

#-------------------------------------------------------------------------------------------------------------------
#   Timing Point    Flags    Arc   Edge           Cell             Power Fanout  Load  Trans Delay Arrival Instance 
#                                                                 Domain         (fF)   (ps)  (ps)   (ps)  Location 
#-------------------------------------------------------------------------------------------------------------------
  pass_reg[223]/CLK -       -      R     (arrival)                 AO       256      -     0     0       0    (-,-) 
  pass_reg[223]/Q   -       CLK->Q R     sky130_fd_sc_hd__dfxtp_1  AO         3   14.6   234   717     717    (-,-) 
  g5138/X           -       A->X   R     sky130_fd_sc_hd__buf_8    AO         1 1001.3  2398  1913    2630    (-,-) 
  out[223]          -       -      R     (port)                    AO         -      -     -     8    2638    (-,-) 
#-------------------------------------------------------------------------------------------------------------------



Path 19: UNCONSTRAINED
           View: ss_100C_1v60.setup_view
     Startpoint: (R) pass_reg[224]/CLK
          Clock: (R) clk
       Endpoint: (R) out[224]

                     Capture    Launch     
        Clock Edge:+       -         0     
       Src Latency:+       -         0     
       Net Latency:+       -         0 (I) 
           Arrival:=       -         0     
                                           
      Launch Clock:-       0               
         Data Path:-    2638               

#-------------------------------------------------------------------------------------------------------------------
#   Timing Point    Flags    Arc   Edge           Cell             Power Fanout  Load  Trans Delay Arrival Instance 
#                                                                 Domain         (fF)   (ps)  (ps)   (ps)  Location 
#-------------------------------------------------------------------------------------------------------------------
  pass_reg[224]/CLK -       -      R     (arrival)                 AO       256      -     0     0       0    (-,-) 
  pass_reg[224]/Q   -       CLK->Q R     sky130_fd_sc_hd__dfxtp_1  AO         3   14.6   234   717     717    (-,-) 
  g5357/X           -       A->X   R     sky130_fd_sc_hd__buf_8    AO         1 1001.3  2398  1913    2630    (-,-) 
  out[224]          -       -      R     (port)                    AO         -      -     -     8    2638    (-,-) 
#-------------------------------------------------------------------------------------------------------------------



Path 20: UNCONSTRAINED
           View: ss_100C_1v60.setup_view
     Startpoint: (R) pass_reg[225]/CLK
          Clock: (R) clk
       Endpoint: (R) out[225]

                     Capture    Launch     
        Clock Edge:+       -         0     
       Src Latency:+       -         0     
       Net Latency:+       -         0 (I) 
           Arrival:=       -         0     
                                           
      Launch Clock:-       0               
         Data Path:-    2638               

#-------------------------------------------------------------------------------------------------------------------
#   Timing Point    Flags    Arc   Edge           Cell             Power Fanout  Load  Trans Delay Arrival Instance 
#                                                                 Domain         (fF)   (ps)  (ps)   (ps)  Location 
#-------------------------------------------------------------------------------------------------------------------
  pass_reg[225]/CLK -       -      R     (arrival)                 AO       256      -     0     0       0    (-,-) 
  pass_reg[225]/Q   -       CLK->Q R     sky130_fd_sc_hd__dfxtp_1  AO         3   14.6   234   717     717    (-,-) 
  g5285/X           -       A->X   R     sky130_fd_sc_hd__buf_8    AO         1 1001.3  2398  1913    2630    (-,-) 
  out[225]          -       -      R     (port)                    AO         -      -     -     8    2638    (-,-) 
#-------------------------------------------------------------------------------------------------------------------



Path 21: UNCONSTRAINED
           View: ss_100C_1v60.setup_view
     Startpoint: (R) pass_reg[226]/CLK
          Clock: (R) clk
       Endpoint: (R) out[226]

                     Capture    Launch     
        Clock Edge:+       -         0     
       Src Latency:+       -         0     
       Net Latency:+       -         0 (I) 
           Arrival:=       -         0     
                                           
      Launch Clock:-       0               
         Data Path:-    2638               

#-------------------------------------------------------------------------------------------------------------------
#   Timing Point    Flags    Arc   Edge           Cell             Power Fanout  Load  Trans Delay Arrival Instance 
#                                                                 Domain         (fF)   (ps)  (ps)   (ps)  Location 
#-------------------------------------------------------------------------------------------------------------------
  pass_reg[226]/CLK -       -      R     (arrival)                 AO       256      -     0     0       0    (-,-) 
  pass_reg[226]/Q   -       CLK->Q R     sky130_fd_sc_hd__dfxtp_1  AO         3   14.6   234   717     717    (-,-) 
  g5348/X           -       A->X   R     sky130_fd_sc_hd__buf_8    AO         1 1001.3  2398  1913    2630    (-,-) 
  out[226]          -       -      R     (port)                    AO         -      -     -     8    2638    (-,-) 
#-------------------------------------------------------------------------------------------------------------------



Path 22: UNCONSTRAINED
           View: ss_100C_1v60.setup_view
     Startpoint: (R) pass_reg[227]/CLK
          Clock: (R) clk
       Endpoint: (R) out[227]

                     Capture    Launch     
        Clock Edge:+       -         0     
       Src Latency:+       -         0     
       Net Latency:+       -         0 (I) 
           Arrival:=       -         0     
                                           
      Launch Clock:-       0               
         Data Path:-    2638               

#-------------------------------------------------------------------------------------------------------------------
#   Timing Point    Flags    Arc   Edge           Cell             Power Fanout  Load  Trans Delay Arrival Instance 
#                                                                 Domain         (fF)   (ps)  (ps)   (ps)  Location 
#-------------------------------------------------------------------------------------------------------------------
  pass_reg[227]/CLK -       -      R     (arrival)                 AO       256      -     0     0       0    (-,-) 
  pass_reg[227]/Q   -       CLK->Q R     sky130_fd_sc_hd__dfxtp_1  AO         3   14.6   234   717     717    (-,-) 
  g5294/X           -       A->X   R     sky130_fd_sc_hd__buf_8    AO         1 1001.3  2398  1913    2630    (-,-) 
  out[227]          -       -      R     (port)                    AO         -      -     -     8    2638    (-,-) 
#-------------------------------------------------------------------------------------------------------------------



Path 23: UNCONSTRAINED
           View: ss_100C_1v60.setup_view
     Startpoint: (R) pass_reg[228]/CLK
          Clock: (R) clk
       Endpoint: (R) out[228]

                     Capture    Launch     
        Clock Edge:+       -         0     
       Src Latency:+       -         0     
       Net Latency:+       -         0 (I) 
           Arrival:=       -         0     
                                           
      Launch Clock:-       0               
         Data Path:-    2638               

#-------------------------------------------------------------------------------------------------------------------
#   Timing Point    Flags    Arc   Edge           Cell             Power Fanout  Load  Trans Delay Arrival Instance 
#                                                                 Domain         (fF)   (ps)  (ps)   (ps)  Location 
#-------------------------------------------------------------------------------------------------------------------
  pass_reg[228]/CLK -       -      R     (arrival)                 AO       256      -     0     0       0    (-,-) 
  pass_reg[228]/Q   -       CLK->Q R     sky130_fd_sc_hd__dfxtp_1  AO         3   14.6   234   717     717    (-,-) 
  g5332/X           -       A->X   R     sky130_fd_sc_hd__buf_8    AO         1 1001.3  2398  1913    2630    (-,-) 
  out[228]          -       -      R     (port)                    AO         -      -     -     8    2638    (-,-) 
#-------------------------------------------------------------------------------------------------------------------



Path 24: UNCONSTRAINED
           View: ss_100C_1v60.setup_view
     Startpoint: (R) pass_reg[229]/CLK
          Clock: (R) clk
       Endpoint: (R) out[229]

                     Capture    Launch     
        Clock Edge:+       -         0     
       Src Latency:+       -         0     
       Net Latency:+       -         0 (I) 
           Arrival:=       -         0     
                                           
      Launch Clock:-       0               
         Data Path:-    2638               

#-------------------------------------------------------------------------------------------------------------------
#   Timing Point    Flags    Arc   Edge           Cell             Power Fanout  Load  Trans Delay Arrival Instance 
#                                                                 Domain         (fF)   (ps)  (ps)   (ps)  Location 
#-------------------------------------------------------------------------------------------------------------------
  pass_reg[229]/CLK -       -      R     (arrival)                 AO       256      -     0     0       0    (-,-) 
  pass_reg[229]/Q   -       CLK->Q R     sky130_fd_sc_hd__dfxtp_1  AO         3   14.6   234   717     717    (-,-) 
  g5149/X           -       A->X   R     sky130_fd_sc_hd__buf_8    AO         1 1001.3  2398  1913    2630    (-,-) 
  out[229]          -       -      R     (port)                    AO         -      -     -     8    2638    (-,-) 
#-------------------------------------------------------------------------------------------------------------------



Path 25: UNCONSTRAINED
           View: ss_100C_1v60.setup_view
     Startpoint: (R) pass_reg[230]/CLK
          Clock: (R) clk
       Endpoint: (R) out[230]

                     Capture    Launch     
        Clock Edge:+       -         0     
       Src Latency:+       -         0     
       Net Latency:+       -         0 (I) 
           Arrival:=       -         0     
                                           
      Launch Clock:-       0               
         Data Path:-    2638               

#-------------------------------------------------------------------------------------------------------------------
#   Timing Point    Flags    Arc   Edge           Cell             Power Fanout  Load  Trans Delay Arrival Instance 
#                                                                 Domain         (fF)   (ps)  (ps)   (ps)  Location 
#-------------------------------------------------------------------------------------------------------------------
  pass_reg[230]/CLK -       -      R     (arrival)                 AO       256      -     0     0       0    (-,-) 
  pass_reg[230]/Q   -       CLK->Q R     sky130_fd_sc_hd__dfxtp_1  AO         3   14.6   234   717     717    (-,-) 
  g5259/X           -       A->X   R     sky130_fd_sc_hd__buf_8    AO         1 1001.3  2398  1913    2630    (-,-) 
  out[230]          -       -      R     (port)                    AO         -      -     -     8    2638    (-,-) 
#-------------------------------------------------------------------------------------------------------------------



Path 26: UNCONSTRAINED
           View: ss_100C_1v60.setup_view
     Startpoint: (R) pass_reg[231]/CLK
          Clock: (R) clk
       Endpoint: (R) out[231]

                     Capture    Launch     
        Clock Edge:+       -         0     
       Src Latency:+       -         0     
       Net Latency:+       -         0 (I) 
           Arrival:=       -         0     
                                           
      Launch Clock:-       0               
         Data Path:-    2638               

#-------------------------------------------------------------------------------------------------------------------
#   Timing Point    Flags    Arc   Edge           Cell             Power Fanout  Load  Trans Delay Arrival Instance 
#                                                                 Domain         (fF)   (ps)  (ps)   (ps)  Location 
#-------------------------------------------------------------------------------------------------------------------
  pass_reg[231]/CLK -       -      R     (arrival)                 AO       256      -     0     0       0    (-,-) 
  pass_reg[231]/Q   -       CLK->Q R     sky130_fd_sc_hd__dfxtp_1  AO         3   14.6   234   717     717    (-,-) 
  g5163/X           -       A->X   R     sky130_fd_sc_hd__buf_8    AO         1 1001.3  2398  1913    2630    (-,-) 
  out[231]          -       -      R     (port)                    AO         -      -     -     8    2638    (-,-) 
#-------------------------------------------------------------------------------------------------------------------



Path 27: UNCONSTRAINED
           View: ss_100C_1v60.setup_view
     Startpoint: (R) pass_reg[232]/CLK
          Clock: (R) clk
       Endpoint: (R) out[232]

                     Capture    Launch     
        Clock Edge:+       -         0     
       Src Latency:+       -         0     
       Net Latency:+       -         0 (I) 
           Arrival:=       -         0     
                                           
      Launch Clock:-       0               
         Data Path:-    2638               

#-------------------------------------------------------------------------------------------------------------------
#   Timing Point    Flags    Arc   Edge           Cell             Power Fanout  Load  Trans Delay Arrival Instance 
#                                                                 Domain         (fF)   (ps)  (ps)   (ps)  Location 
#-------------------------------------------------------------------------------------------------------------------
  pass_reg[232]/CLK -       -      R     (arrival)                 AO       256      -     0     0       0    (-,-) 
  pass_reg[232]/Q   -       CLK->Q R     sky130_fd_sc_hd__dfxtp_1  AO         3   14.6   234   717     717    (-,-) 
  g5115/X           -       A->X   R     sky130_fd_sc_hd__buf_8    AO         1 1001.3  2398  1913    2630    (-,-) 
  out[232]          -       -      R     (port)                    AO         -      -     -     8    2638    (-,-) 
#-------------------------------------------------------------------------------------------------------------------



Path 28: UNCONSTRAINED
           View: ss_100C_1v60.setup_view
     Startpoint: (R) pass_reg[233]/CLK
          Clock: (R) clk
       Endpoint: (R) out[233]

                     Capture    Launch     
        Clock Edge:+       -         0     
       Src Latency:+       -         0     
       Net Latency:+       -         0 (I) 
           Arrival:=       -         0     
                                           
      Launch Clock:-       0               
         Data Path:-    2638               

#-------------------------------------------------------------------------------------------------------------------
#   Timing Point    Flags    Arc   Edge           Cell             Power Fanout  Load  Trans Delay Arrival Instance 
#                                                                 Domain         (fF)   (ps)  (ps)   (ps)  Location 
#-------------------------------------------------------------------------------------------------------------------
  pass_reg[233]/CLK -       -      R     (arrival)                 AO       256      -     0     0       0    (-,-) 
  pass_reg[233]/Q   -       CLK->Q R     sky130_fd_sc_hd__dfxtp_1  AO         3   14.6   234   717     717    (-,-) 
  g5134/X           -       A->X   R     sky130_fd_sc_hd__buf_8    AO         1 1001.3  2398  1913    2630    (-,-) 
  out[233]          -       -      R     (port)                    AO         -      -     -     8    2638    (-,-) 
#-------------------------------------------------------------------------------------------------------------------



Path 29: UNCONSTRAINED
           View: ss_100C_1v60.setup_view
     Startpoint: (R) pass_reg[234]/CLK
          Clock: (R) clk
       Endpoint: (R) out[234]

                     Capture    Launch     
        Clock Edge:+       -         0     
       Src Latency:+       -         0     
       Net Latency:+       -         0 (I) 
           Arrival:=       -         0     
                                           
      Launch Clock:-       0               
         Data Path:-    2638               

#-------------------------------------------------------------------------------------------------------------------
#   Timing Point    Flags    Arc   Edge           Cell             Power Fanout  Load  Trans Delay Arrival Instance 
#                                                                 Domain         (fF)   (ps)  (ps)   (ps)  Location 
#-------------------------------------------------------------------------------------------------------------------
  pass_reg[234]/CLK -       -      R     (arrival)                 AO       256      -     0     0       0    (-,-) 
  pass_reg[234]/Q   -       CLK->Q R     sky130_fd_sc_hd__dfxtp_1  AO         3   14.6   234   717     717    (-,-) 
  g5165/X           -       A->X   R     sky130_fd_sc_hd__buf_8    AO         1 1001.3  2398  1913    2630    (-,-) 
  out[234]          -       -      R     (port)                    AO         -      -     -     8    2638    (-,-) 
#-------------------------------------------------------------------------------------------------------------------



Path 30: UNCONSTRAINED
           View: ss_100C_1v60.setup_view
     Startpoint: (R) pass_reg[235]/CLK
          Clock: (R) clk
       Endpoint: (R) out[235]

                     Capture    Launch     
        Clock Edge:+       -         0     
       Src Latency:+       -         0     
       Net Latency:+       -         0 (I) 
           Arrival:=       -         0     
                                           
      Launch Clock:-       0               
         Data Path:-    2638               

#-------------------------------------------------------------------------------------------------------------------
#   Timing Point    Flags    Arc   Edge           Cell             Power Fanout  Load  Trans Delay Arrival Instance 
#                                                                 Domain         (fF)   (ps)  (ps)   (ps)  Location 
#-------------------------------------------------------------------------------------------------------------------
  pass_reg[235]/CLK -       -      R     (arrival)                 AO       256      -     0     0       0    (-,-) 
  pass_reg[235]/Q   -       CLK->Q R     sky130_fd_sc_hd__dfxtp_1  AO         3   14.6   234   717     717    (-,-) 
  g5355/X           -       A->X   R     sky130_fd_sc_hd__buf_8    AO         1 1001.3  2398  1913    2630    (-,-) 
  out[235]          -       -      R     (port)                    AO         -      -     -     8    2638    (-,-) 
#-------------------------------------------------------------------------------------------------------------------



Path 31: UNCONSTRAINED
           View: ss_100C_1v60.setup_view
     Startpoint: (R) pass_reg[236]/CLK
          Clock: (R) clk
       Endpoint: (R) out[236]

                     Capture    Launch     
        Clock Edge:+       -         0     
       Src Latency:+       -         0     
       Net Latency:+       -         0 (I) 
           Arrival:=       -         0     
                                           
      Launch Clock:-       0               
         Data Path:-    2638               

#-------------------------------------------------------------------------------------------------------------------
#   Timing Point    Flags    Arc   Edge           Cell             Power Fanout  Load  Trans Delay Arrival Instance 
#                                                                 Domain         (fF)   (ps)  (ps)   (ps)  Location 
#-------------------------------------------------------------------------------------------------------------------
  pass_reg[236]/CLK -       -      R     (arrival)                 AO       256      -     0     0       0    (-,-) 
  pass_reg[236]/Q   -       CLK->Q R     sky130_fd_sc_hd__dfxtp_1  AO         3   14.6   234   717     717    (-,-) 
  g5286/X           -       A->X   R     sky130_fd_sc_hd__buf_8    AO         1 1001.3  2398  1913    2630    (-,-) 
  out[236]          -       -      R     (port)                    AO         -      -     -     8    2638    (-,-) 
#-------------------------------------------------------------------------------------------------------------------



Path 32: UNCONSTRAINED
           View: ss_100C_1v60.setup_view
     Startpoint: (R) pass_reg[237]/CLK
          Clock: (R) clk
       Endpoint: (R) out[237]

                     Capture    Launch     
        Clock Edge:+       -         0     
       Src Latency:+       -         0     
       Net Latency:+       -         0 (I) 
           Arrival:=       -         0     
                                           
      Launch Clock:-       0               
         Data Path:-    2638               

#-------------------------------------------------------------------------------------------------------------------
#   Timing Point    Flags    Arc   Edge           Cell             Power Fanout  Load  Trans Delay Arrival Instance 
#                                                                 Domain         (fF)   (ps)  (ps)   (ps)  Location 
#-------------------------------------------------------------------------------------------------------------------
  pass_reg[237]/CLK -       -      R     (arrival)                 AO       256      -     0     0       0    (-,-) 
  pass_reg[237]/Q   -       CLK->Q R     sky130_fd_sc_hd__dfxtp_1  AO         3   14.6   234   717     717    (-,-) 
  g5339/X           -       A->X   R     sky130_fd_sc_hd__buf_8    AO         1 1001.3  2398  1913    2630    (-,-) 
  out[237]          -       -      R     (port)                    AO         -      -     -     8    2638    (-,-) 
#-------------------------------------------------------------------------------------------------------------------



Path 33: UNCONSTRAINED
           View: ss_100C_1v60.setup_view
     Startpoint: (R) pass_reg[238]/CLK
          Clock: (R) clk
       Endpoint: (R) out[238]

                     Capture    Launch     
        Clock Edge:+       -         0     
       Src Latency:+       -         0     
       Net Latency:+       -         0 (I) 
           Arrival:=       -         0     
                                           
      Launch Clock:-       0               
         Data Path:-    2638               

#-------------------------------------------------------------------------------------------------------------------
#   Timing Point    Flags    Arc   Edge           Cell             Power Fanout  Load  Trans Delay Arrival Instance 
#                                                                 Domain         (fF)   (ps)  (ps)   (ps)  Location 
#-------------------------------------------------------------------------------------------------------------------
  pass_reg[238]/CLK -       -      R     (arrival)                 AO       256      -     0     0       0    (-,-) 
  pass_reg[238]/Q   -       CLK->Q R     sky130_fd_sc_hd__dfxtp_1  AO         3   14.6   234   717     717    (-,-) 
  g5245/X           -       A->X   R     sky130_fd_sc_hd__buf_8    AO         1 1001.3  2398  1913    2630    (-,-) 
  out[238]          -       -      R     (port)                    AO         -      -     -     8    2638    (-,-) 
#-------------------------------------------------------------------------------------------------------------------



Path 34: UNCONSTRAINED
           View: ss_100C_1v60.setup_view
     Startpoint: (R) pass_reg[239]/CLK
          Clock: (R) clk
       Endpoint: (R) out[239]

                     Capture    Launch     
        Clock Edge:+       -         0     
       Src Latency:+       -         0     
       Net Latency:+       -         0 (I) 
           Arrival:=       -         0     
                                           
      Launch Clock:-       0               
         Data Path:-    2638               

#-------------------------------------------------------------------------------------------------------------------
#   Timing Point    Flags    Arc   Edge           Cell             Power Fanout  Load  Trans Delay Arrival Instance 
#                                                                 Domain         (fF)   (ps)  (ps)   (ps)  Location 
#-------------------------------------------------------------------------------------------------------------------
  pass_reg[239]/CLK -       -      R     (arrival)                 AO       256      -     0     0       0    (-,-) 
  pass_reg[239]/Q   -       CLK->Q R     sky130_fd_sc_hd__dfxtp_1  AO         3   14.6   234   717     717    (-,-) 
  g5278/X           -       A->X   R     sky130_fd_sc_hd__buf_8    AO         1 1001.3  2398  1913    2630    (-,-) 
  out[239]          -       -      R     (port)                    AO         -      -     -     8    2638    (-,-) 
#-------------------------------------------------------------------------------------------------------------------



Path 35: UNCONSTRAINED
           View: ss_100C_1v60.setup_view
     Startpoint: (R) pass_reg[240]/CLK
          Clock: (R) clk
       Endpoint: (R) out[240]

                     Capture    Launch     
        Clock Edge:+       -         0     
       Src Latency:+       -         0     
       Net Latency:+       -         0 (I) 
           Arrival:=       -         0     
                                           
      Launch Clock:-       0               
         Data Path:-    2638               

#-------------------------------------------------------------------------------------------------------------------
#   Timing Point    Flags    Arc   Edge           Cell             Power Fanout  Load  Trans Delay Arrival Instance 
#                                                                 Domain         (fF)   (ps)  (ps)   (ps)  Location 
#-------------------------------------------------------------------------------------------------------------------
  pass_reg[240]/CLK -       -      R     (arrival)                 AO       256      -     0     0       0    (-,-) 
  pass_reg[240]/Q   -       CLK->Q R     sky130_fd_sc_hd__dfxtp_1  AO         3   14.6   234   717     717    (-,-) 
  g5292/X           -       A->X   R     sky130_fd_sc_hd__buf_8    AO         1 1001.3  2398  1913    2630    (-,-) 
  out[240]          -       -      R     (port)                    AO         -      -     -     8    2638    (-,-) 
#-------------------------------------------------------------------------------------------------------------------



Path 36: UNCONSTRAINED
           View: ss_100C_1v60.setup_view
     Startpoint: (R) pass_reg[241]/CLK
          Clock: (R) clk
       Endpoint: (R) out[241]

                     Capture    Launch     
        Clock Edge:+       -         0     
       Src Latency:+       -         0     
       Net Latency:+       -         0 (I) 
           Arrival:=       -         0     
                                           
      Launch Clock:-       0               
         Data Path:-    2638               

#-------------------------------------------------------------------------------------------------------------------
#   Timing Point    Flags    Arc   Edge           Cell             Power Fanout  Load  Trans Delay Arrival Instance 
#                                                                 Domain         (fF)   (ps)  (ps)   (ps)  Location 
#-------------------------------------------------------------------------------------------------------------------
  pass_reg[241]/CLK -       -      R     (arrival)                 AO       256      -     0     0       0    (-,-) 
  pass_reg[241]/Q   -       CLK->Q R     sky130_fd_sc_hd__dfxtp_1  AO         3   14.6   234   717     717    (-,-) 
  g5214/X           -       A->X   R     sky130_fd_sc_hd__buf_8    AO         1 1001.3  2398  1913    2630    (-,-) 
  out[241]          -       -      R     (port)                    AO         -      -     -     8    2638    (-,-) 
#-------------------------------------------------------------------------------------------------------------------



Path 37: UNCONSTRAINED
           View: ss_100C_1v60.setup_view
     Startpoint: (R) pass_reg[242]/CLK
          Clock: (R) clk
       Endpoint: (R) out[242]

                     Capture    Launch     
        Clock Edge:+       -         0     
       Src Latency:+       -         0     
       Net Latency:+       -         0 (I) 
           Arrival:=       -         0     
                                           
      Launch Clock:-       0               
         Data Path:-    2638               

#-------------------------------------------------------------------------------------------------------------------
#   Timing Point    Flags    Arc   Edge           Cell             Power Fanout  Load  Trans Delay Arrival Instance 
#                                                                 Domain         (fF)   (ps)  (ps)   (ps)  Location 
#-------------------------------------------------------------------------------------------------------------------
  pass_reg[242]/CLK -       -      R     (arrival)                 AO       256      -     0     0       0    (-,-) 
  pass_reg[242]/Q   -       CLK->Q R     sky130_fd_sc_hd__dfxtp_1  AO         3   14.6   234   717     717    (-,-) 
  g5121/X           -       A->X   R     sky130_fd_sc_hd__buf_8    AO         1 1001.3  2398  1913    2630    (-,-) 
  out[242]          -       -      R     (port)                    AO         -      -     -     8    2638    (-,-) 
#-------------------------------------------------------------------------------------------------------------------



Path 38: UNCONSTRAINED
           View: ss_100C_1v60.setup_view
     Startpoint: (R) pass_reg[243]/CLK
          Clock: (R) clk
       Endpoint: (R) out[243]

                     Capture    Launch     
        Clock Edge:+       -         0     
       Src Latency:+       -         0     
       Net Latency:+       -         0 (I) 
           Arrival:=       -         0     
                                           
      Launch Clock:-       0               
         Data Path:-    2638               

#-------------------------------------------------------------------------------------------------------------------
#   Timing Point    Flags    Arc   Edge           Cell             Power Fanout  Load  Trans Delay Arrival Instance 
#                                                                 Domain         (fF)   (ps)  (ps)   (ps)  Location 
#-------------------------------------------------------------------------------------------------------------------
  pass_reg[243]/CLK -       -      R     (arrival)                 AO       256      -     0     0       0    (-,-) 
  pass_reg[243]/Q   -       CLK->Q R     sky130_fd_sc_hd__dfxtp_1  AO         3   14.6   234   717     717    (-,-) 
  g5173/X           -       A->X   R     sky130_fd_sc_hd__buf_8    AO         1 1001.3  2398  1913    2630    (-,-) 
  out[243]          -       -      R     (port)                    AO         -      -     -     8    2638    (-,-) 
#-------------------------------------------------------------------------------------------------------------------



Path 39: UNCONSTRAINED
           View: ss_100C_1v60.setup_view
     Startpoint: (R) pass_reg[244]/CLK
          Clock: (R) clk
       Endpoint: (R) out[244]

                     Capture    Launch     
        Clock Edge:+       -         0     
       Src Latency:+       -         0     
       Net Latency:+       -         0 (I) 
           Arrival:=       -         0     
                                           
      Launch Clock:-       0               
         Data Path:-    2638               

#-------------------------------------------------------------------------------------------------------------------
#   Timing Point    Flags    Arc   Edge           Cell             Power Fanout  Load  Trans Delay Arrival Instance 
#                                                                 Domain         (fF)   (ps)  (ps)   (ps)  Location 
#-------------------------------------------------------------------------------------------------------------------
  pass_reg[244]/CLK -       -      R     (arrival)                 AO       256      -     0     0       0    (-,-) 
  pass_reg[244]/Q   -       CLK->Q R     sky130_fd_sc_hd__dfxtp_1  AO         3   14.6   234   717     717    (-,-) 
  g5354/X           -       A->X   R     sky130_fd_sc_hd__buf_8    AO         1 1001.3  2398  1913    2630    (-,-) 
  out[244]          -       -      R     (port)                    AO         -      -     -     8    2638    (-,-) 
#-------------------------------------------------------------------------------------------------------------------



Path 40: UNCONSTRAINED
           View: ss_100C_1v60.setup_view
     Startpoint: (R) pass_reg[245]/CLK
          Clock: (R) clk
       Endpoint: (R) out[245]

                     Capture    Launch     
        Clock Edge:+       -         0     
       Src Latency:+       -         0     
       Net Latency:+       -         0 (I) 
           Arrival:=       -         0     
                                           
      Launch Clock:-       0               
         Data Path:-    2638               

#-------------------------------------------------------------------------------------------------------------------
#   Timing Point    Flags    Arc   Edge           Cell             Power Fanout  Load  Trans Delay Arrival Instance 
#                                                                 Domain         (fF)   (ps)  (ps)   (ps)  Location 
#-------------------------------------------------------------------------------------------------------------------
  pass_reg[245]/CLK -       -      R     (arrival)                 AO       256      -     0     0       0    (-,-) 
  pass_reg[245]/Q   -       CLK->Q R     sky130_fd_sc_hd__dfxtp_1  AO         3   14.6   234   717     717    (-,-) 
  g5235/X           -       A->X   R     sky130_fd_sc_hd__buf_8    AO         1 1001.3  2398  1913    2630    (-,-) 
  out[245]          -       -      R     (port)                    AO         -      -     -     8    2638    (-,-) 
#-------------------------------------------------------------------------------------------------------------------



Path 41: UNCONSTRAINED
           View: ss_100C_1v60.setup_view
     Startpoint: (R) pass_reg[246]/CLK
          Clock: (R) clk
       Endpoint: (R) out[246]

                     Capture    Launch     
        Clock Edge:+       -         0     
       Src Latency:+       -         0     
       Net Latency:+       -         0 (I) 
           Arrival:=       -         0     
                                           
      Launch Clock:-       0               
         Data Path:-    2638               

#-------------------------------------------------------------------------------------------------------------------
#   Timing Point    Flags    Arc   Edge           Cell             Power Fanout  Load  Trans Delay Arrival Instance 
#                                                                 Domain         (fF)   (ps)  (ps)   (ps)  Location 
#-------------------------------------------------------------------------------------------------------------------
  pass_reg[246]/CLK -       -      R     (arrival)                 AO       256      -     0     0       0    (-,-) 
  pass_reg[246]/Q   -       CLK->Q R     sky130_fd_sc_hd__dfxtp_1  AO         3   14.6   234   717     717    (-,-) 
  g5145/X           -       A->X   R     sky130_fd_sc_hd__buf_8    AO         1 1001.3  2398  1913    2630    (-,-) 
  out[246]          -       -      R     (port)                    AO         -      -     -     8    2638    (-,-) 
#-------------------------------------------------------------------------------------------------------------------



Path 42: UNCONSTRAINED
           View: ss_100C_1v60.setup_view
     Startpoint: (R) pass_reg[247]/CLK
          Clock: (R) clk
       Endpoint: (R) out[247]

                     Capture    Launch     
        Clock Edge:+       -         0     
       Src Latency:+       -         0     
       Net Latency:+       -         0 (I) 
           Arrival:=       -         0     
                                           
      Launch Clock:-       0               
         Data Path:-    2638               

#-------------------------------------------------------------------------------------------------------------------
#   Timing Point    Flags    Arc   Edge           Cell             Power Fanout  Load  Trans Delay Arrival Instance 
#                                                                 Domain         (fF)   (ps)  (ps)   (ps)  Location 
#-------------------------------------------------------------------------------------------------------------------
  pass_reg[247]/CLK -       -      R     (arrival)                 AO       256      -     0     0       0    (-,-) 
  pass_reg[247]/Q   -       CLK->Q R     sky130_fd_sc_hd__dfxtp_1  AO         3   14.6   234   717     717    (-,-) 
  g5228/X           -       A->X   R     sky130_fd_sc_hd__buf_8    AO         1 1001.3  2398  1913    2630    (-,-) 
  out[247]          -       -      R     (port)                    AO         -      -     -     8    2638    (-,-) 
#-------------------------------------------------------------------------------------------------------------------



Path 43: UNCONSTRAINED
           View: ss_100C_1v60.setup_view
     Startpoint: (R) pass_reg[248]/CLK
          Clock: (R) clk
       Endpoint: (R) out[248]

                     Capture    Launch     
        Clock Edge:+       -         0     
       Src Latency:+       -         0     
       Net Latency:+       -         0 (I) 
           Arrival:=       -         0     
                                           
      Launch Clock:-       0               
         Data Path:-    2638               

#-------------------------------------------------------------------------------------------------------------------
#   Timing Point    Flags    Arc   Edge           Cell             Power Fanout  Load  Trans Delay Arrival Instance 
#                                                                 Domain         (fF)   (ps)  (ps)   (ps)  Location 
#-------------------------------------------------------------------------------------------------------------------
  pass_reg[248]/CLK -       -      R     (arrival)                 AO       256      -     0     0       0    (-,-) 
  pass_reg[248]/Q   -       CLK->Q R     sky130_fd_sc_hd__dfxtp_1  AO         3   14.6   234   717     717    (-,-) 
  g5323/X           -       A->X   R     sky130_fd_sc_hd__buf_8    AO         1 1001.3  2398  1913    2630    (-,-) 
  out[248]          -       -      R     (port)                    AO         -      -     -     8    2638    (-,-) 
#-------------------------------------------------------------------------------------------------------------------



Path 44: UNCONSTRAINED
           View: ss_100C_1v60.setup_view
     Startpoint: (R) pass_reg[249]/CLK
          Clock: (R) clk
       Endpoint: (R) out[249]

                     Capture    Launch     
        Clock Edge:+       -         0     
       Src Latency:+       -         0     
       Net Latency:+       -         0 (I) 
           Arrival:=       -         0     
                                           
      Launch Clock:-       0               
         Data Path:-    2638               

#-------------------------------------------------------------------------------------------------------------------
#   Timing Point    Flags    Arc   Edge           Cell             Power Fanout  Load  Trans Delay Arrival Instance 
#                                                                 Domain         (fF)   (ps)  (ps)   (ps)  Location 
#-------------------------------------------------------------------------------------------------------------------
  pass_reg[249]/CLK -       -      R     (arrival)                 AO       256      -     0     0       0    (-,-) 
  pass_reg[249]/Q   -       CLK->Q R     sky130_fd_sc_hd__dfxtp_1  AO         3   14.6   234   717     717    (-,-) 
  g5317/X           -       A->X   R     sky130_fd_sc_hd__buf_8    AO         1 1001.3  2398  1913    2630    (-,-) 
  out[249]          -       -      R     (port)                    AO         -      -     -     8    2638    (-,-) 
#-------------------------------------------------------------------------------------------------------------------



Path 45: UNCONSTRAINED
           View: ss_100C_1v60.setup_view
     Startpoint: (R) pass_reg[250]/CLK
          Clock: (R) clk
       Endpoint: (R) out[250]

                     Capture    Launch     
        Clock Edge:+       -         0     
       Src Latency:+       -         0     
       Net Latency:+       -         0 (I) 
           Arrival:=       -         0     
                                           
      Launch Clock:-       0               
         Data Path:-    2638               

#-------------------------------------------------------------------------------------------------------------------
#   Timing Point    Flags    Arc   Edge           Cell             Power Fanout  Load  Trans Delay Arrival Instance 
#                                                                 Domain         (fF)   (ps)  (ps)   (ps)  Location 
#-------------------------------------------------------------------------------------------------------------------
  pass_reg[250]/CLK -       -      R     (arrival)                 AO       256      -     0     0       0    (-,-) 
  pass_reg[250]/Q   -       CLK->Q R     sky130_fd_sc_hd__dfxtp_1  AO         3   14.6   234   717     717    (-,-) 
  g5319/X           -       A->X   R     sky130_fd_sc_hd__buf_8    AO         1 1001.3  2398  1913    2630    (-,-) 
  out[250]          -       -      R     (port)                    AO         -      -     -     8    2638    (-,-) 
#-------------------------------------------------------------------------------------------------------------------



Path 46: UNCONSTRAINED
           View: ss_100C_1v60.setup_view
     Startpoint: (R) pass_reg[251]/CLK
          Clock: (R) clk
       Endpoint: (R) out[251]

                     Capture    Launch     
        Clock Edge:+       -         0     
       Src Latency:+       -         0     
       Net Latency:+       -         0 (I) 
           Arrival:=       -         0     
                                           
      Launch Clock:-       0               
         Data Path:-    2638               

#-------------------------------------------------------------------------------------------------------------------
#   Timing Point    Flags    Arc   Edge           Cell             Power Fanout  Load  Trans Delay Arrival Instance 
#                                                                 Domain         (fF)   (ps)  (ps)   (ps)  Location 
#-------------------------------------------------------------------------------------------------------------------
  pass_reg[251]/CLK -       -      R     (arrival)                 AO       256      -     0     0       0    (-,-) 
  pass_reg[251]/Q   -       CLK->Q R     sky130_fd_sc_hd__dfxtp_1  AO         3   14.6   234   717     717    (-,-) 
  g5166/X           -       A->X   R     sky130_fd_sc_hd__buf_8    AO         1 1001.3  2398  1913    2630    (-,-) 
  out[251]          -       -      R     (port)                    AO         -      -     -     8    2638    (-,-) 
#-------------------------------------------------------------------------------------------------------------------



Path 47: UNCONSTRAINED
           View: ss_100C_1v60.setup_view
     Startpoint: (R) pass_reg[252]/CLK
          Clock: (R) clk
       Endpoint: (R) out[252]

                     Capture    Launch     
        Clock Edge:+       -         0     
       Src Latency:+       -         0     
       Net Latency:+       -         0 (I) 
           Arrival:=       -         0     
                                           
      Launch Clock:-       0               
         Data Path:-    2638               

#-------------------------------------------------------------------------------------------------------------------
#   Timing Point    Flags    Arc   Edge           Cell             Power Fanout  Load  Trans Delay Arrival Instance 
#                                                                 Domain         (fF)   (ps)  (ps)   (ps)  Location 
#-------------------------------------------------------------------------------------------------------------------
  pass_reg[252]/CLK -       -      R     (arrival)                 AO       256      -     0     0       0    (-,-) 
  pass_reg[252]/Q   -       CLK->Q R     sky130_fd_sc_hd__dfxtp_1  AO         3   14.6   234   717     717    (-,-) 
  g5195/X           -       A->X   R     sky130_fd_sc_hd__buf_8    AO         1 1001.3  2398  1913    2630    (-,-) 
  out[252]          -       -      R     (port)                    AO         -      -     -     8    2638    (-,-) 
#-------------------------------------------------------------------------------------------------------------------



Path 48: UNCONSTRAINED
           View: ss_100C_1v60.setup_view
     Startpoint: (R) pass_reg[253]/CLK
          Clock: (R) clk
       Endpoint: (R) out[253]

                     Capture    Launch     
        Clock Edge:+       -         0     
       Src Latency:+       -         0     
       Net Latency:+       -         0 (I) 
           Arrival:=       -         0     
                                           
      Launch Clock:-       0               
         Data Path:-    2638               

#-------------------------------------------------------------------------------------------------------------------
#   Timing Point    Flags    Arc   Edge           Cell             Power Fanout  Load  Trans Delay Arrival Instance 
#                                                                 Domain         (fF)   (ps)  (ps)   (ps)  Location 
#-------------------------------------------------------------------------------------------------------------------
  pass_reg[253]/CLK -       -      R     (arrival)                 AO       256      -     0     0       0    (-,-) 
  pass_reg[253]/Q   -       CLK->Q R     sky130_fd_sc_hd__dfxtp_1  AO         3   14.6   234   717     717    (-,-) 
  g5280/X           -       A->X   R     sky130_fd_sc_hd__buf_8    AO         1 1001.3  2398  1913    2630    (-,-) 
  out[253]          -       -      R     (port)                    AO         -      -     -     8    2638    (-,-) 
#-------------------------------------------------------------------------------------------------------------------



Path 49: UNCONSTRAINED
           View: ss_100C_1v60.setup_view
     Startpoint: (R) pass_reg[255]/CLK
          Clock: (R) clk
       Endpoint: (R) out[255]

                     Capture    Launch     
        Clock Edge:+       -         0     
       Src Latency:+       -         0     
       Net Latency:+       -         0 (I) 
           Arrival:=       -         0     
                                           
      Launch Clock:-       0               
         Data Path:-    2588               

#-------------------------------------------------------------------------------------------------------------------
#   Timing Point    Flags    Arc   Edge           Cell             Power Fanout  Load  Trans Delay Arrival Instance 
#                                                                 Domain         (fF)   (ps)  (ps)   (ps)  Location 
#-------------------------------------------------------------------------------------------------------------------
  pass_reg[255]/CLK -       -      R     (arrival)                 AO       256      -     0     0       0    (-,-) 
  pass_reg[255]/Q   -       CLK->Q R     sky130_fd_sc_hd__dfxtp_1  AO         2   11.5   191   684     684    (-,-) 
  g4849/X           -       A->X   R     sky130_fd_sc_hd__buf_8    AO         1 1001.3  2396  1895    2580    (-,-) 
  out[255]          -       -      R     (port)                    AO         -      -     -     8    2588    (-,-) 
#-------------------------------------------------------------------------------------------------------------------



Path 50: UNCONSTRAINED
           View: ss_100C_1v60.setup_view
     Startpoint: (F) clk
          Clock: (F) clk
       Endpoint: (F) pass_reg[0]/CLK

                     Capture    Launch     
        Clock Edge:+       -      2500     
        Drv Adjust:+       0         0     
       Src Latency:+       -         0     
       Net Latency:+       -         0 (I) 
           Arrival:=       -      2500     
                                           
      Launch Clock:-    2500               
       Input Delay:-       0               
         Data Path:-       0               

Exceptions/Constraints:
  input_delay              0              create_clock_delay_domain_1_clk_F_0 

#--------------------------------------------------------------------------------------------------------------
#  Timing Point   Flags   Arc   Edge           Cell             Power Fanout Load Trans Delay Arrival Instance 
#                                                              Domain        (fF)  (ps)  (ps)   (ps)  Location 
#--------------------------------------------------------------------------------------------------------------
  clk             (i)     -     F     (arrival)                 AO       256  0.0     0     0    2500    (-,-) 
  pass_reg[0]/CLK -       -     F     sky130_fd_sc_hd__dfxtp_1  AO       256    -     -     0    2500    (-,-) 
#--------------------------------------------------------------------------------------------------------------

(i) : Net is ideal.


