[<global>] Level.INFO: Loading hammer-vlsi libraries and reading settings
[<global>] Level.INFO: Loading technology 'hammer.technology.sky130'
[<global>] Level.WARNING: Key technology.sky130.sky130_nda has a type str is not yet implemented
[<global>] Level.WARNING: Key technology.sky130.openram_lib has a type str is not yet implemented
[<global>] Level.WARNING: Key technology.sky130.dffram_lib has a type Optional[str] is not yet implemented
[<global>] Level.WARNING: Key technology.sky130.pdk_home has a type Optional[str] is not yet implemented
[<global>] Level.WARNING: Key technology.sky130.lvs_deck_sources has a type Optional[list[str]] is not yet implemented
[<global>] Level.WARNING: Key technology.sky130.io_file has a type str is not yet implemented
[tech] Level.ERROR: The install path: /path/to/skywater-src-nda does not exist, looked at key technology.sky130.sky130_nda
[<global>] Level.WARNING: Key technology.sky130.sram22_sky130_macros is not associated with a type
[tech] Level.INFO: Modifying CDL netlist: /home/ff/eecs151/fa23/pdk_mod/sky130/pdk/sky130A/libs.ref/sky130_fd_sc_hd/cdl/sky130_fd_sc_hd.cdl -> /home/aa/users/cs199-apt/cadence/digitallogic/asic_labs_fa23/lab2/build/tech-sky130-cache/sky130_fd_sc_hd.cdl
[tech] Level.INFO: Modifying Verilog netlist: /home/ff/eecs151/fa23/pdk_mod/sky130/pdk/sky130A/libs.ref/sky130_fd_sc_hd/verilog/sky130_fd_sc_hd.v -> /home/aa/users/cs199-apt/cadence/digitallogic/asic_labs_fa23/lab2/build/tech-sky130-cache/sky130_fd_sc_hd.v
[tech] Level.INFO: Modifying Verilog netlist: /home/ff/eecs151/fa23/pdk_mod/sky130/pdk/sky130A/libs.ref/sky130_fd_sc_hd/verilog/primitives.v -> /home/aa/users/cs199-apt/cadence/digitallogic/asic_labs_fa23/lab2/build/tech-sky130-cache/primitives.v
[tech] Level.INFO: Modifying Technology LEF: /home/ff/eecs151/fa23/pdk_mod/sky130/pdk/sky130A/libs.ref/sky130_fd_sc_hd/techlef/sky130_fd_sc_hd__nom.tlef -> /home/aa/users/cs199-apt/cadence/digitallogic/asic_labs_fa23/lab2/build/tech-sky130-cache/sky130_fd_sc_hd__nom.tlef
[tech] Level.INFO: Modifying IO LEF: /home/ff/eecs151/fa23/pdk_mod/sky130/pdk/sky130A/libs.ref/sky130_fd_io/lef/sky130_ef_io.lef -> /home/aa/users/cs199-apt/cadence/digitallogic/asic_labs_fa23/lab2/build/tech-sky130-cache/sky130_ef_io.lef
[<global>] Level.INFO: Starting simulation with tool 'vcs'
[sim] Level.DEBUG: Running sub-step 'write_gl_files'
[sim] Level.DEBUG: Running sub-step 'run_vcs'
[<global>] Level.WARNING: Key sim.vcs.vcs_bin is not associated with a type
[<global>] Level.WARNING: Key sim.vcs.fgp is not associated with a type
[<global>] Level.WARNING: Key sim.vcs.vcs_home is not associated with a type
[<global>] Level.WARNING: Key sim.vcs.verdi_home is not associated with a type
[sim] Level.DEBUG: Executing subprocess: /home/ff/eecs151/hammer-tools/synopsys/vcs/P-2019.06/bin/vcs -full64 -lca -debug_access+all -timescale=1ns/1ps -CC -I$(VCS_HOME)/include -notice -line +lint=all,noVCDE +v2k -debug -sverilog /home/aa/users/cs199-apt/cadence/digitallogic/asic_labs_fa23/lab2/src/DigitalLDOLogic.v /home/aa/users/cs199-apt/cadence/digitallogic/asic_labs_fa23/lab2/src/DigitalLDOLogic_tb.v /home/aa/users/cs199-apt/cadence/digitallogic/asic_labs_fa23/lab2/build/tech-sky130-cache/primitives.v /home/aa/users/cs199-apt/cadence/digitallogic/asic_labs_fa23/lab2/build/tech-sky130-cache/sky130_fd_sc_hd.v /home/ff/eecs151/fa23/pdk_mod/sky130/pdk/sky130A/libs.ref/sky130_fd_io/verilog/sky130_ef_io.v /home/ff/eecs151/fa23/pdk_mod/sky130/pdk/sky130A/libs.ref/sky130_fd_io/verilog/sky130_fd_io.v +define+FUNCTIONAL +define+UNIT_DELAY=#1 +define+CLOCK_PERIOD=4.00 +notimingcheck +delay_mode_zero -top DigitalLDOLogic_tb -o /home/aa/users/cs199-apt/cadence/digitallogic/asic_labs_fa23/lab2/build/sim-rundir/simv
[sim] [Exec ...019.06/bin/vcs -full64 -lca -d...] Level.DEBUG: 
[sim] [Exec ...019.06/bin/vcs -full64 -lca -d...] Level.DEBUG: Warning-[LNX_OS_VERUN] Unsupported Linux version
[sim] [Exec ...019.06/bin/vcs -full64 -lca -d...] Level.DEBUG:   Linux version 'Red Hat Enterprise Linux release 8.10 (Ootpa)' is not
[sim] [Exec ...019.06/bin/vcs -full64 -lca -d...] Level.DEBUG:   supported on 'x86_64' officially, assuming linux compatibility by default.
[sim] [Exec ...019.06/bin/vcs -full64 -lca -d...] Level.DEBUG:   Set VCS_ARCH_OVERRIDE to linux or suse32 to override.
[sim] [Exec ...019.06/bin/vcs -full64 -lca -d...] Level.DEBUG:   Please refer to release notes for information on supported platforms.
[sim] [Exec ...019.06/bin/vcs -full64 -lca -d...] Level.DEBUG: 
[sim] [Exec ...019.06/bin/vcs -full64 -lca -d...] Level.DEBUG: 
[sim] [Exec ...019.06/bin/vcs -full64 -lca -d...] Level.DEBUG: Warning-[LINX_KRNL] Unsupported Linux kernel
[sim] [Exec ...019.06/bin/vcs -full64 -lca -d...] Level.DEBUG:   Linux kernel '4.18.0-553.16.1.el8_10.x86_64' is not supported.
[sim] [Exec ...019.06/bin/vcs -full64 -lca -d...] Level.DEBUG:   Supported versions are 2.4* or 2.6*.
[sim] [Exec ...019.06/bin/vcs -full64 -lca -d...] Level.DEBUG: 
[sim] [Exec ...019.06/bin/vcs -full64 -lca -d...] Level.DEBUG: 
[sim] [Exec ...019.06/bin/vcs -full64 -lca -d...] Level.DEBUG: Warning-[DBGACC_DBG] Multiple debug options being used
[sim] [Exec ...019.06/bin/vcs -full64 -lca -d...] Level.DEBUG:   The debug switches '-debug_access' and '-debug*' are being used together.
[sim] [Exec ...019.06/bin/vcs -full64 -lca -d...] Level.DEBUG:   For better performance, consider using only '-debug_access'.
[sim] [Exec ...019.06/bin/vcs -full64 -lca -d...] Level.DEBUG: 
[sim] [Exec ...019.06/bin/vcs -full64 -lca -d...] Level.DEBUG: 
[sim] [Exec ...019.06/bin/vcs -full64 -lca -d...] Level.DEBUG: Error-[VERDI_VCS_MM] Possible VERDI_HOME and VCS_HOME mismatch
[sim] [Exec ...019.06/bin/vcs -full64 -lca -d...] Level.DEBUG:   The Verdi tab and pli.a cannot be added to the 'vcs' compile command because
[sim] [Exec ...019.06/bin/vcs -full64 -lca -d...] Level.DEBUG:   the file '/pli.a' could not be found.
[sim] [Exec ...019.06/bin/vcs -full64 -lca -d...] Level.DEBUG:   Please check to make sure VERDI_HOME and VCS_HOME point to installations
[sim] [Exec ...019.06/bin/vcs -full64 -lca -d...] Level.DEBUG:   that are either both 32-bits or both 64-bits.
[sim] [Exec ...019.06/bin/vcs -full64 -lca -d...] Level.DEBUG: 
[sim] [Exec ...019.06/bin/vcs -full64 -lca -d...] Level.DEBUG:                          Chronologic VCS (TM)
[sim] [Exec ...019.06/bin/vcs -full64 -lca -d...] Level.DEBUG:          Version P-2019.06_Full64 -- Mon Sep 30 21:45:18 2024
[sim] [Exec ...019.06/bin/vcs -full64 -lca -d...] Level.DEBUG:                Copyright (c) 1991-2019 by Synopsys Inc.
[sim] [Exec ...019.06/bin/vcs -full64 -lca -d...] Level.DEBUG:                          ALL RIGHTS RESERVED
[sim] [Exec ...019.06/bin/vcs -full64 -lca -d...] Level.DEBUG: 
[sim] [Exec ...019.06/bin/vcs -full64 -lca -d...] Level.DEBUG: This program is proprietary and confidential information of Synopsys Inc.
[sim] [Exec ...019.06/bin/vcs -full64 -lca -d...] Level.DEBUG: and may be used and disclosed only as authorized in a license agreement
[sim] [Exec ...019.06/bin/vcs -full64 -lca -d...] Level.DEBUG: controlling such use and disclosure.
[sim] [Exec ...019.06/bin/vcs -full64 -lca -d...] Level.DEBUG: 
[sim] [Exec ...019.06/bin/vcs -full64 -lca -d...] Level.DEBUG: 
[sim] [Exec ...019.06/bin/vcs -full64 -lca -d...] Level.DEBUG: Warning-[LCA_FEATURES_ENABLED] Usage warning
[sim] [Exec ...019.06/bin/vcs -full64 -lca -d...] Level.DEBUG:   LCA features enabled by '-lca' argument on the command line.  For more
[sim] [Exec ...019.06/bin/vcs -full64 -lca -d...] Level.DEBUG:   information regarding list of LCA features please refer to Chapter "LCA
[sim] [Exec ...019.06/bin/vcs -full64 -lca -d...] Level.DEBUG:   features" in the VCS Release Notes
[sim] [Exec ...019.06/bin/vcs -full64 -lca -d...] Level.DEBUG: 
[sim] [Exec ...019.06/bin/vcs -full64 -lca -d...] Level.DEBUG: 
[sim] [Exec ...019.06/bin/vcs -full64 -lca -d...] Level.DEBUG: Warning-[DEBUG_DEP] Option will be deprecated
[sim] [Exec ...019.06/bin/vcs -full64 -lca -d...] Level.DEBUG:   The option 'debug=4' will be deprecated in a future release.  Please use
[sim] [Exec ...019.06/bin/vcs -full64 -lca -d...] Level.DEBUG:   '-debug_acc+pp+f+fn+dmptf -debug_region+cell+encrypt' instead.
[sim] [Exec ...019.06/bin/vcs -full64 -lca -d...] Level.DEBUG: 
[sim] [Exec ...019.06/bin/vcs -full64 -lca -d...] Level.DEBUG: Parsing design file '/home/aa/users/cs199-apt/cadence/digitallogic/asic_labs_fa23/lab2/src/DigitalLDOLogic.v'
[sim] [Exec ...019.06/bin/vcs -full64 -lca -d...] Level.DEBUG: Parsing design file '/home/aa/users/cs199-apt/cadence/digitallogic/asic_labs_fa23/lab2/src/DigitalLDOLogic_tb.v'
[sim] [Exec ...019.06/bin/vcs -full64 -lca -d...] Level.DEBUG: 
[sim] [Exec ...019.06/bin/vcs -full64 -lca -d...] Level.DEBUG: Lint-[NS] Null statement
[sim] [Exec ...019.06/bin/vcs -full64 -lca -d...] Level.DEBUG: /home/aa/users/cs199-apt/cadence/digitallogic/asic_labs_fa23/lab2/src/DigitalLDOLogic_tb.v, 44
[sim] [Exec ...019.06/bin/vcs -full64 -lca -d...] Level.DEBUG:   Null statement is used in following verilog source.
[sim] [Exec ...019.06/bin/vcs -full64 -lca -d...] Level.DEBUG:   Source info:         #10;
[sim] [Exec ...019.06/bin/vcs -full64 -lca -d...] Level.DEBUG: 
[sim] [Exec ...019.06/bin/vcs -full64 -lca -d...] Level.DEBUG: Parsing design file '/home/aa/users/cs199-apt/cadence/digitallogic/asic_labs_fa23/lab2/build/tech-sky130-cache/primitives.v'
[sim] [Exec ...019.06/bin/vcs -full64 -lca -d...] Level.DEBUG: 
[sim] [Exec ...019.06/bin/vcs -full64 -lca -d...] Level.DEBUG: Lint-[OUDPE] UDP Entries Overlap
[sim] [Exec ...019.06/bin/vcs -full64 -lca -d...] Level.DEBUG: /home/aa/users/cs199-apt/cadence/digitallogic/asic_labs_fa23/lab2/build/tech-sky130-cache/primitives.v, 412
[sim] [Exec ...019.06/bin/vcs -full64 -lca -d...] Level.DEBUG:   Following UDP entries overlap each other as possibly they could have exactly
[sim] [Exec ...019.06/bin/vcs -full64 -lca -d...] Level.DEBUG:   same set of input and output values.
[sim] [Exec ...019.06/bin/vcs -full64 -lca -d...] Level.DEBUG:   "/home/aa/users/cs199-apt/cadence/digitallogic/asic_labs_fa23/lab2/build/tech-sky130-cache/primitives.v",
[sim] [Exec ...019.06/bin/vcs -full64 -lca -d...] Level.DEBUG:   410
[sim] [Exec ...019.06/bin/vcs -full64 -lca -d...] Level.DEBUG:   0    ?    r    0    : ?: 0;
[sim] [Exec ...019.06/bin/vcs -full64 -lca -d...] Level.DEBUG:   "/home/aa/users/cs199-apt/cadence/digitallogic/asic_labs_fa23/lab2/build/tech-sky130-cache/primitives.v",
[sim] [Exec ...019.06/bin/vcs -full64 -lca -d...] Level.DEBUG:   412
[sim] [Exec ...019.06/bin/vcs -full64 -lca -d...] Level.DEBUG:   0    ?    p    0    : 0: 0;
[sim] [Exec ...019.06/bin/vcs -full64 -lca -d...] Level.DEBUG: 
[sim] [Exec ...019.06/bin/vcs -full64 -lca -d...] Level.DEBUG: 
[sim] [Exec ...019.06/bin/vcs -full64 -lca -d...] Level.DEBUG: Lint-[OUDPE] UDP Entries Overlap
[sim] [Exec ...019.06/bin/vcs -full64 -lca -d...] Level.DEBUG: /home/aa/users/cs199-apt/cadence/digitallogic/asic_labs_fa23/lab2/build/tech-sky130-cache/primitives.v, 413
[sim] [Exec ...019.06/bin/vcs -full64 -lca -d...] Level.DEBUG:   Following UDP entries overlap each other as possibly they could have exactly
[sim] [Exec ...019.06/bin/vcs -full64 -lca -d...] Level.DEBUG:   same set of input and output values.
[sim] [Exec ...019.06/bin/vcs -full64 -lca -d...] Level.DEBUG:   "/home/aa/users/cs199-apt/cadence/digitallogic/asic_labs_fa23/lab2/build/tech-sky130-cache/primitives.v",
[sim] [Exec ...019.06/bin/vcs -full64 -lca -d...] Level.DEBUG:   411
[sim] [Exec ...019.06/bin/vcs -full64 -lca -d...] Level.DEBUG:   ?    0    r    1    : ?: 1;
[sim] [Exec ...019.06/bin/vcs -full64 -lca -d...] Level.DEBUG:   "/home/aa/users/cs199-apt/cadence/digitallogic/asic_labs_fa23/lab2/build/tech-sky130-cache/primitives.v",
[sim] [Exec ...019.06/bin/vcs -full64 -lca -d...] Level.DEBUG:   413
[sim] [Exec ...019.06/bin/vcs -full64 -lca -d...] Level.DEBUG:   ?    0    p    1    : 1: 1;
[sim] [Exec ...019.06/bin/vcs -full64 -lca -d...] Level.DEBUG: 
[sim] [Exec ...019.06/bin/vcs -full64 -lca -d...] Level.DEBUG: 
[sim] [Exec ...019.06/bin/vcs -full64 -lca -d...] Level.DEBUG: Lint-[OUDPE] UDP Entries Overlap
[sim] [Exec ...019.06/bin/vcs -full64 -lca -d...] Level.DEBUG: /home/aa/users/cs199-apt/cadence/digitallogic/asic_labs_fa23/lab2/build/tech-sky130-cache/primitives.v, 497
[sim] [Exec ...019.06/bin/vcs -full64 -lca -d...] Level.DEBUG:   Following UDP entries overlap each other as possibly they could have exactly
[sim] [Exec ...019.06/bin/vcs -full64 -lca -d...] Level.DEBUG:   same set of input and output values.
[sim] [Exec ...019.06/bin/vcs -full64 -lca -d...] Level.DEBUG:   "/home/aa/users/cs199-apt/cadence/digitallogic/asic_labs_fa23/lab2/build/tech-sky130-cache/primitives.v",
[sim] [Exec ...019.06/bin/vcs -full64 -lca -d...] Level.DEBUG:   495
[sim] [Exec ...019.06/bin/vcs -full64 -lca -d...] Level.DEBUG:   0    ?    r    0    ?    1    0    : ?: 0;
[sim] [Exec ...019.06/bin/vcs -full64 -lca -d...] Level.DEBUG:   "/home/aa/users/cs199-apt/cadence/digitallogic/asic_labs_fa23/lab2/build/tech-sky130-cache/primitives.v",
[sim] [Exec ...019.06/bin/vcs -full64 -lca -d...] Level.DEBUG:   497
[sim] [Exec ...019.06/bin/vcs -full64 -lca -d...] Level.DEBUG:   0    ?    p    0    ?    1    0    : 0: 0;
[sim] [Exec ...019.06/bin/vcs -full64 -lca -d...] Level.DEBUG: 
[sim] [Exec ...019.06/bin/vcs -full64 -lca -d...] Level.DEBUG: 
[sim] [Exec ...019.06/bin/vcs -full64 -lca -d...] Level.DEBUG: Lint-[OUDPE] UDP Entries Overlap
[sim] [Exec ...019.06/bin/vcs -full64 -lca -d...] Level.DEBUG: /home/aa/users/cs199-apt/cadence/digitallogic/asic_labs_fa23/lab2/build/tech-sky130-cache/primitives.v, 498
[sim] [Exec ...019.06/bin/vcs -full64 -lca -d...] Level.DEBUG:   Following UDP entries overlap each other as possibly they could have exactly
[sim] [Exec ...019.06/bin/vcs -full64 -lca -d...] Level.DEBUG:   same set of input and output values.
[sim] [Exec ...019.06/bin/vcs -full64 -lca -d...] Level.DEBUG:   "/home/aa/users/cs199-apt/cadence/digitallogic/asic_labs_fa23/lab2/build/tech-sky130-cache/primitives.v",
[sim] [Exec ...019.06/bin/vcs -full64 -lca -d...] Level.DEBUG:   496
[sim] [Exec ...019.06/bin/vcs -full64 -lca -d...] Level.DEBUG:   ?    0    r    1    ?    1    0    : ?: 1;
[sim] [Exec ...019.06/bin/vcs -full64 -lca -d...] Level.DEBUG:   "/home/aa/users/cs199-apt/cadence/digitallogic/asic_labs_fa23/lab2/build/tech-sky130-cache/primitives.v",
[sim] [Exec ...019.06/bin/vcs -full64 -lca -d...] Level.DEBUG:   498
[sim] [Exec ...019.06/bin/vcs -full64 -lca -d...] Level.DEBUG:   ?    0    p    1    ?    1    0    : 1: 1;
[sim] [Exec ...019.06/bin/vcs -full64 -lca -d...] Level.DEBUG: 
[sim] [Exec ...019.06/bin/vcs -full64 -lca -d...] Level.DEBUG: 
[sim] [Exec ...019.06/bin/vcs -full64 -lca -d...] Level.DEBUG: Lint-[OUDPE] UDP Entries Overlap
[sim] [Exec ...019.06/bin/vcs -full64 -lca -d...] Level.DEBUG: /home/aa/users/cs199-apt/cadence/digitallogic/asic_labs_fa23/lab2/build/tech-sky130-cache/primitives.v, 721
[sim] [Exec ...019.06/bin/vcs -full64 -lca -d...] Level.DEBUG:   Following UDP entries overlap each other as possibly they could have exactly
[sim] [Exec ...019.06/bin/vcs -full64 -lca -d...] Level.DEBUG:   same set of input and output values.
[sim] [Exec ...019.06/bin/vcs -full64 -lca -d...] Level.DEBUG:   "/home/aa/users/cs199-apt/cadence/digitallogic/asic_labs_fa23/lab2/build/tech-sky130-cache/primitives.v",
[sim] [Exec ...019.06/bin/vcs -full64 -lca -d...] Level.DEBUG:   716
[sim] [Exec ...019.06/bin/vcs -full64 -lca -d...] Level.DEBUG:   ?    ?    1    : ?: 0;
[sim] [Exec ...019.06/bin/vcs -full64 -lca -d...] Level.DEBUG:   "/home/aa/users/cs199-apt/cadence/digitallogic/asic_labs_fa23/lab2/build/tech-sky130-cache/primitives.v",
[sim] [Exec ...019.06/bin/vcs -full64 -lca -d...] Level.DEBUG:   721
[sim] [Exec ...019.06/bin/vcs -full64 -lca -d...] Level.DEBUG:   0    x    ?    : 0: 0;
[sim] [Exec ...019.06/bin/vcs -full64 -lca -d...] Level.DEBUG: 
[sim] [Exec ...019.06/bin/vcs -full64 -lca -d...] Level.DEBUG: 
[sim] [Exec ...019.06/bin/vcs -full64 -lca -d...] Level.DEBUG: Lint-[OUDPE] UDP Entries Overlap
[sim] [Exec ...019.06/bin/vcs -full64 -lca -d...] Level.DEBUG: /home/aa/users/cs199-apt/cadence/digitallogic/asic_labs_fa23/lab2/build/tech-sky130-cache/primitives.v, 799
[sim] [Exec ...019.06/bin/vcs -full64 -lca -d...] Level.DEBUG:   Following UDP entries overlap each other as possibly they could have exactly
[sim] [Exec ...019.06/bin/vcs -full64 -lca -d...] Level.DEBUG:   same set of input and output values.
[sim] [Exec ...019.06/bin/vcs -full64 -lca -d...] Level.DEBUG:   "/home/aa/users/cs199-apt/cadence/digitallogic/asic_labs_fa23/lab2/build/tech-sky130-cache/primitives.v",
[sim] [Exec ...019.06/bin/vcs -full64 -lca -d...] Level.DEBUG:   794
[sim] [Exec ...019.06/bin/vcs -full64 -lca -d...] Level.DEBUG:   ?    ?    1    ?    1    0    : ?: 0;
[sim] [Exec ...019.06/bin/vcs -full64 -lca -d...] Level.DEBUG:   "/home/aa/users/cs199-apt/cadence/digitallogic/asic_labs_fa23/lab2/build/tech-sky130-cache/primitives.v",
[sim] [Exec ...019.06/bin/vcs -full64 -lca -d...] Level.DEBUG:   799
[sim] [Exec ...019.06/bin/vcs -full64 -lca -d...] Level.DEBUG:   0    x    ?    ?    1    0    : 0: 0;
[sim] [Exec ...019.06/bin/vcs -full64 -lca -d...] Level.DEBUG: 
[sim] [Exec ...019.06/bin/vcs -full64 -lca -d...] Level.DEBUG: 
[sim] [Exec ...019.06/bin/vcs -full64 -lca -d...] Level.DEBUG: Lint-[OUDPE] UDP Entries Overlap
[sim] [Exec ...019.06/bin/vcs -full64 -lca -d...] Level.DEBUG: /home/aa/users/cs199-apt/cadence/digitallogic/asic_labs_fa23/lab2/build/tech-sky130-cache/primitives.v, 876
[sim] [Exec ...019.06/bin/vcs -full64 -lca -d...] Level.DEBUG:   Following UDP entries overlap each other as possibly they could have exactly
[sim] [Exec ...019.06/bin/vcs -full64 -lca -d...] Level.DEBUG:   same set of input and output values.
[sim] [Exec ...019.06/bin/vcs -full64 -lca -d...] Level.DEBUG:   "/home/aa/users/cs199-apt/cadence/digitallogic/asic_labs_fa23/lab2/build/tech-sky130-cache/primitives.v",
[sim] [Exec ...019.06/bin/vcs -full64 -lca -d...] Level.DEBUG:   870
[sim] [Exec ...019.06/bin/vcs -full64 -lca -d...] Level.DEBUG:   ?    ?    1    : ?: 1;
[sim] [Exec ...019.06/bin/vcs -full64 -lca -d...] Level.DEBUG:   "/home/aa/users/cs199-apt/cadence/digitallogic/asic_labs_fa23/lab2/build/tech-sky130-cache/primitives.v",
[sim] [Exec ...019.06/bin/vcs -full64 -lca -d...] Level.DEBUG:   876
[sim] [Exec ...019.06/bin/vcs -full64 -lca -d...] Level.DEBUG:   1    x    ?    : 1: 1;
[sim] [Exec ...019.06/bin/vcs -full64 -lca -d...] Level.DEBUG: 
[sim] [Exec ...019.06/bin/vcs -full64 -lca -d...] Level.DEBUG: 
[sim] [Exec ...019.06/bin/vcs -full64 -lca -d...] Level.DEBUG: Lint-[OUDPE] UDP Entries Overlap
[sim] [Exec ...019.06/bin/vcs -full64 -lca -d...] Level.DEBUG: /home/aa/users/cs199-apt/cadence/digitallogic/asic_labs_fa23/lab2/build/tech-sky130-cache/primitives.v, 954
[sim] [Exec ...019.06/bin/vcs -full64 -lca -d...] Level.DEBUG:   Following UDP entries overlap each other as possibly they could have exactly
[sim] [Exec ...019.06/bin/vcs -full64 -lca -d...] Level.DEBUG:   same set of input and output values.
[sim] [Exec ...019.06/bin/vcs -full64 -lca -d...] Level.DEBUG:   "/home/aa/users/cs199-apt/cadence/digitallogic/asic_labs_fa23/lab2/build/tech-sky130-cache/primitives.v",
[sim] [Exec ...019.06/bin/vcs -full64 -lca -d...] Level.DEBUG:   948
[sim] [Exec ...019.06/bin/vcs -full64 -lca -d...] Level.DEBUG:   ?    ?    1    ?    1    0    : ?: 1;
[sim] [Exec ...019.06/bin/vcs -full64 -lca -d...] Level.DEBUG:   "/home/aa/users/cs199-apt/cadence/digitallogic/asic_labs_fa23/lab2/build/tech-sky130-cache/primitives.v",
[sim] [Exec ...019.06/bin/vcs -full64 -lca -d...] Level.DEBUG:   954
[sim] [Exec ...019.06/bin/vcs -full64 -lca -d...] Level.DEBUG:   1    x    ?    ?    1    0    : 1: 1;
[sim] [Exec ...019.06/bin/vcs -full64 -lca -d...] Level.DEBUG: 
[sim] [Exec ...019.06/bin/vcs -full64 -lca -d...] Level.DEBUG: 
[sim] [Exec ...019.06/bin/vcs -full64 -lca -d...] Level.DEBUG: Lint-[OUDPE] UDP Entries Overlap
[sim] [Exec ...019.06/bin/vcs -full64 -lca -d...] Level.DEBUG: /home/aa/users/cs199-apt/cadence/digitallogic/asic_labs_fa23/lab2/build/tech-sky130-cache/primitives.v, 1320
[sim] [Exec ...019.06/bin/vcs -full64 -lca -d...] Level.DEBUG:   Following UDP entries overlap each other as possibly they could have exactly
[sim] [Exec ...019.06/bin/vcs -full64 -lca -d...] Level.DEBUG:   same set of input and output values.
[sim] [Exec ...019.06/bin/vcs -full64 -lca -d...] Level.DEBUG:   "/home/aa/users/cs199-apt/cadence/digitallogic/asic_labs_fa23/lab2/build/tech-sky130-cache/primitives.v",
[sim] [Exec ...019.06/bin/vcs -full64 -lca -d...] Level.DEBUG:   1317
[sim] [Exec ...019.06/bin/vcs -full64 -lca -d...] Level.DEBUG:   0    1    0    : ?: 0;
[sim] [Exec ...019.06/bin/vcs -full64 -lca -d...] Level.DEBUG:   "/home/aa/users/cs199-apt/cadence/digitallogic/asic_labs_fa23/lab2/build/tech-sky130-cache/primitives.v",
[sim] [Exec ...019.06/bin/vcs -full64 -lca -d...] Level.DEBUG:   1320
[sim] [Exec ...019.06/bin/vcs -full64 -lca -d...] Level.DEBUG:   0    1    ?    : ?: 0;
[sim] [Exec ...019.06/bin/vcs -full64 -lca -d...] Level.DEBUG: 
[sim] [Exec ...019.06/bin/vcs -full64 -lca -d...] Level.DEBUG: 
[sim] [Exec ...019.06/bin/vcs -full64 -lca -d...] Level.DEBUG: Lint-[OUDPE] UDP Entries Overlap
[sim] [Exec ...019.06/bin/vcs -full64 -lca -d...] Level.DEBUG: /home/aa/users/cs199-apt/cadence/digitallogic/asic_labs_fa23/lab2/build/tech-sky130-cache/primitives.v, 1320
[sim] [Exec ...019.06/bin/vcs -full64 -lca -d...] Level.DEBUG:   Following UDP entries overlap each other as possibly they could have exactly
[sim] [Exec ...019.06/bin/vcs -full64 -lca -d...] Level.DEBUG:   same set of input and output values.
[sim] [Exec ...019.06/bin/vcs -full64 -lca -d...] Level.DEBUG:   "/home/aa/users/cs199-apt/cadence/digitallogic/asic_labs_fa23/lab2/build/tech-sky130-cache/primitives.v",
[sim] [Exec ...019.06/bin/vcs -full64 -lca -d...] Level.DEBUG:   1319
[sim] [Exec ...019.06/bin/vcs -full64 -lca -d...] Level.DEBUG:   ?    ?    1    : ?: 0;
[sim] [Exec ...019.06/bin/vcs -full64 -lca -d...] Level.DEBUG:   "/home/aa/users/cs199-apt/cadence/digitallogic/asic_labs_fa23/lab2/build/tech-sky130-cache/primitives.v",
[sim] [Exec ...019.06/bin/vcs -full64 -lca -d...] Level.DEBUG:   1320
[sim] [Exec ...019.06/bin/vcs -full64 -lca -d...] Level.DEBUG:   0    1    ?    : ?: 0;
[sim] [Exec ...019.06/bin/vcs -full64 -lca -d...] Level.DEBUG: 
[sim] [Exec ...019.06/bin/vcs -full64 -lca -d...] Level.DEBUG: 
[sim] [Exec ...019.06/bin/vcs -full64 -lca -d...] Level.DEBUG: Lint-[OUDPE] UDP Entries Overlap
[sim] [Exec ...019.06/bin/vcs -full64 -lca -d...] Level.DEBUG: /home/aa/users/cs199-apt/cadence/digitallogic/asic_labs_fa23/lab2/build/tech-sky130-cache/primitives.v, 1480
[sim] [Exec ...019.06/bin/vcs -full64 -lca -d...] Level.DEBUG:   Following UDP entries overlap each other as possibly they could have exactly
[sim] [Exec ...019.06/bin/vcs -full64 -lca -d...] Level.DEBUG:   same set of input and output values.
[sim] [Exec ...019.06/bin/vcs -full64 -lca -d...] Level.DEBUG:   "/home/aa/users/cs199-apt/cadence/digitallogic/asic_labs_fa23/lab2/build/tech-sky130-cache/primitives.v",
[sim] [Exec ...019.06/bin/vcs -full64 -lca -d...] Level.DEBUG:   1478
[sim] [Exec ...019.06/bin/vcs -full64 -lca -d...] Level.DEBUG:   0    0    ?    : 0;
[sim] [Exec ...019.06/bin/vcs -full64 -lca -d...] Level.DEBUG:   "/home/aa/users/cs199-apt/cadence/digitallogic/asic_labs_fa23/lab2/build/tech-sky130-cache/primitives.v",
[sim] [Exec ...019.06/bin/vcs -full64 -lca -d...] Level.DEBUG:   1480
[sim] [Exec ...019.06/bin/vcs -full64 -lca -d...] Level.DEBUG:   0    ?    0    : 0;
[sim] [Exec ...019.06/bin/vcs -full64 -lca -d...] Level.DEBUG: 
[sim] [Exec ...019.06/bin/vcs -full64 -lca -d...] Level.DEBUG: 
[sim] [Exec ...019.06/bin/vcs -full64 -lca -d...] Level.DEBUG: Lint-[OUDPE] UDP Entries Overlap
[sim] [Exec ...019.06/bin/vcs -full64 -lca -d...] Level.DEBUG: /home/aa/users/cs199-apt/cadence/digitallogic/asic_labs_fa23/lab2/build/tech-sky130-cache/primitives.v, 1481
[sim] [Exec ...019.06/bin/vcs -full64 -lca -d...] Level.DEBUG:   Following UDP entries overlap each other as possibly they could have exactly
[sim] [Exec ...019.06/bin/vcs -full64 -lca -d...] Level.DEBUG:   same set of input and output values.
[sim] [Exec ...019.06/bin/vcs -full64 -lca -d...] Level.DEBUG:   "/home/aa/users/cs199-apt/cadence/digitallogic/asic_labs_fa23/lab2/build/tech-sky130-cache/primitives.v",
[sim] [Exec ...019.06/bin/vcs -full64 -lca -d...] Level.DEBUG:   1479
[sim] [Exec ...019.06/bin/vcs -full64 -lca -d...] Level.DEBUG:   1    1    ?    : 1;
[sim] [Exec ...019.06/bin/vcs -full64 -lca -d...] Level.DEBUG:   "/home/aa/users/cs199-apt/cadence/digitallogic/asic_labs_fa23/lab2/build/tech-sky130-cache/primitives.v",
[sim] [Exec ...019.06/bin/vcs -full64 -lca -d...] Level.DEBUG:   1481
[sim] [Exec ...019.06/bin/vcs -full64 -lca -d...] Level.DEBUG:   1    ?    0    : 1;
[sim] [Exec ...019.06/bin/vcs -full64 -lca -d...] Level.DEBUG: 
[sim] [Exec ...019.06/bin/vcs -full64 -lca -d...] Level.DEBUG: 
[sim] [Exec ...019.06/bin/vcs -full64 -lca -d...] Level.DEBUG: Lint-[OUDPE] UDP Entries Overlap
[sim] [Exec ...019.06/bin/vcs -full64 -lca -d...] Level.DEBUG: /home/aa/users/cs199-apt/cadence/digitallogic/asic_labs_fa23/lab2/build/tech-sky130-cache/primitives.v, 1482
[sim] [Exec ...019.06/bin/vcs -full64 -lca -d...] Level.DEBUG:   Following UDP entries overlap each other as possibly they could have exactly
[sim] [Exec ...019.06/bin/vcs -full64 -lca -d...] Level.DEBUG:   same set of input and output values.
[sim] [Exec ...019.06/bin/vcs -full64 -lca -d...] Level.DEBUG:   "/home/aa/users/cs199-apt/cadence/digitallogic/asic_labs_fa23/lab2/build/tech-sky130-cache/primitives.v",
[sim] [Exec ...019.06/bin/vcs -full64 -lca -d...] Level.DEBUG:   1478
[sim] [Exec ...019.06/bin/vcs -full64 -lca -d...] Level.DEBUG:   0    0    ?    : 0;
[sim] [Exec ...019.06/bin/vcs -full64 -lca -d...] Level.DEBUG:   "/home/aa/users/cs199-apt/cadence/digitallogic/asic_labs_fa23/lab2/build/tech-sky130-cache/primitives.v",
[sim] [Exec ...019.06/bin/vcs -full64 -lca -d...] Level.DEBUG:   1482
[sim] [Exec ...019.06/bin/vcs -full64 -lca -d...] Level.DEBUG:   ?    0    1    : 0;
[sim] [Exec ...019.06/bin/vcs -full64 -lca -d...] Level.DEBUG: 
[sim] [Exec ...019.06/bin/vcs -full64 -lca -d...] Level.DEBUG: 
[sim] [Exec ...019.06/bin/vcs -full64 -lca -d...] Level.DEBUG: Lint-[OUDPE] UDP Entries Overlap
[sim] [Exec ...019.06/bin/vcs -full64 -lca -d...] Level.DEBUG: /home/aa/users/cs199-apt/cadence/digitallogic/asic_labs_fa23/lab2/build/tech-sky130-cache/primitives.v, 1483
[sim] [Exec ...019.06/bin/vcs -full64 -lca -d...] Level.DEBUG:   Following UDP entries overlap each other as possibly they could have exactly
[sim] [Exec ...019.06/bin/vcs -full64 -lca -d...] Level.DEBUG:   same set of input and output values.
[sim] [Exec ...019.06/bin/vcs -full64 -lca -d...] Level.DEBUG:   "/home/aa/users/cs199-apt/cadence/digitallogic/asic_labs_fa23/lab2/build/tech-sky130-cache/primitives.v",
[sim] [Exec ...019.06/bin/vcs -full64 -lca -d...] Level.DEBUG:   1479
[sim] [Exec ...019.06/bin/vcs -full64 -lca -d...] Level.DEBUG:   1    1    ?    : 1;
[sim] [Exec ...019.06/bin/vcs -full64 -lca -d...] Level.DEBUG:   "/home/aa/users/cs199-apt/cadence/digitallogic/asic_labs_fa23/lab2/build/tech-sky130-cache/primitives.v",
[sim] [Exec ...019.06/bin/vcs -full64 -lca -d...] Level.DEBUG:   1483
[sim] [Exec ...019.06/bin/vcs -full64 -lca -d...] Level.DEBUG:   ?    1    1    : 1;
[sim] [Exec ...019.06/bin/vcs -full64 -lca -d...] Level.DEBUG: 
[sim] [Exec ...019.06/bin/vcs -full64 -lca -d...] Level.DEBUG: 
[sim] [Exec ...019.06/bin/vcs -full64 -lca -d...] Level.DEBUG: Lint-[OUDPE] UDP Entries Overlap
[sim] [Exec ...019.06/bin/vcs -full64 -lca -d...] Level.DEBUG: /home/aa/users/cs199-apt/cadence/digitallogic/asic_labs_fa23/lab2/build/tech-sky130-cache/primitives.v, 1546
[sim] [Exec ...019.06/bin/vcs -full64 -lca -d...] Level.DEBUG:   Following UDP entries overlap each other as possibly they could have exactly
[sim] [Exec ...019.06/bin/vcs -full64 -lca -d...] Level.DEBUG:   same set of input and output values.
[sim] [Exec ...019.06/bin/vcs -full64 -lca -d...] Level.DEBUG:   "/home/aa/users/cs199-apt/cadence/digitallogic/asic_labs_fa23/lab2/build/tech-sky130-cache/primitives.v",
[sim] [Exec ...019.06/bin/vcs -full64 -lca -d...] Level.DEBUG:   1542
[sim] [Exec ...019.06/bin/vcs -full64 -lca -d...] Level.DEBUG:   0    ?    0    : 1;
[sim] [Exec ...019.06/bin/vcs -full64 -lca -d...] Level.DEBUG:   "/home/aa/users/cs199-apt/cadence/digitallogic/asic_labs_fa23/lab2/build/tech-sky130-cache/primitives.v",
[sim] [Exec ...019.06/bin/vcs -full64 -lca -d...] Level.DEBUG:   1546
[sim] [Exec ...019.06/bin/vcs -full64 -lca -d...] Level.DEBUG:   0    0    ?    : 1;
[sim] [Exec ...019.06/bin/vcs -full64 -lca -d...] Level.DEBUG: 
[sim] [Exec ...019.06/bin/vcs -full64 -lca -d...] Level.DEBUG: 
[sim] [Exec ...019.06/bin/vcs -full64 -lca -d...] Level.DEBUG: Lint-[OUDPE] UDP Entries Overlap
[sim] [Exec ...019.06/bin/vcs -full64 -lca -d...] Level.DEBUG: /home/aa/users/cs199-apt/cadence/digitallogic/asic_labs_fa23/lab2/build/tech-sky130-cache/primitives.v, 1546
[sim] [Exec ...019.06/bin/vcs -full64 -lca -d...] Level.DEBUG:   Following UDP entries overlap each other as possibly they could have exactly
[sim] [Exec ...019.06/bin/vcs -full64 -lca -d...] Level.DEBUG:   same set of input and output values.
[sim] [Exec ...019.06/bin/vcs -full64 -lca -d...] Level.DEBUG:   "/home/aa/users/cs199-apt/cadence/digitallogic/asic_labs_fa23/lab2/build/tech-sky130-cache/primitives.v",
[sim] [Exec ...019.06/bin/vcs -full64 -lca -d...] Level.DEBUG:   1544
[sim] [Exec ...019.06/bin/vcs -full64 -lca -d...] Level.DEBUG:   ?    0    1    : 1;
[sim] [Exec ...019.06/bin/vcs -full64 -lca -d...] Level.DEBUG:   "/home/aa/users/cs199-apt/cadence/digitallogic/asic_labs_fa23/lab2/build/tech-sky130-cache/primitives.v",
[sim] [Exec ...019.06/bin/vcs -full64 -lca -d...] Level.DEBUG:   1546
[sim] [Exec ...019.06/bin/vcs -full64 -lca -d...] Level.DEBUG:   0    0    ?    : 1;
[sim] [Exec ...019.06/bin/vcs -full64 -lca -d...] Level.DEBUG: 
[sim] [Exec ...019.06/bin/vcs -full64 -lca -d...] Level.DEBUG: 
[sim] [Exec ...019.06/bin/vcs -full64 -lca -d...] Level.DEBUG: Lint-[OUDPE] UDP Entries Overlap
[sim] [Exec ...019.06/bin/vcs -full64 -lca -d...] Level.DEBUG: /home/aa/users/cs199-apt/cadence/digitallogic/asic_labs_fa23/lab2/build/tech-sky130-cache/primitives.v, 1547
[sim] [Exec ...019.06/bin/vcs -full64 -lca -d...] Level.DEBUG:   Following UDP entries overlap each other as possibly they could have exactly
[sim] [Exec ...019.06/bin/vcs -full64 -lca -d...] Level.DEBUG:   same set of input and output values.
[sim] [Exec ...019.06/bin/vcs -full64 -lca -d...] Level.DEBUG:   "/home/aa/users/cs199-apt/cadence/digitallogic/asic_labs_fa23/lab2/build/tech-sky130-cache/primitives.v",
[sim] [Exec ...019.06/bin/vcs -full64 -lca -d...] Level.DEBUG:   1543
[sim] [Exec ...019.06/bin/vcs -full64 -lca -d...] Level.DEBUG:   1    ?    0    : 0;
[sim] [Exec ...019.06/bin/vcs -full64 -lca -d...] Level.DEBUG:   "/home/aa/users/cs199-apt/cadence/digitallogic/asic_labs_fa23/lab2/build/tech-sky130-cache/primitives.v",
[sim] [Exec ...019.06/bin/vcs -full64 -lca -d...] Level.DEBUG:   1547
[sim] [Exec ...019.06/bin/vcs -full64 -lca -d...] Level.DEBUG:   1    1    ?    : 0;
[sim] [Exec ...019.06/bin/vcs -full64 -lca -d...] Level.DEBUG: 
[sim] [Exec ...019.06/bin/vcs -full64 -lca -d...] Level.DEBUG: 
[sim] [Exec ...019.06/bin/vcs -full64 -lca -d...] Level.DEBUG: Lint-[OUDPE] UDP Entries Overlap
[sim] [Exec ...019.06/bin/vcs -full64 -lca -d...] Level.DEBUG: /home/aa/users/cs199-apt/cadence/digitallogic/asic_labs_fa23/lab2/build/tech-sky130-cache/primitives.v, 1547
[sim] [Exec ...019.06/bin/vcs -full64 -lca -d...] Level.DEBUG:   Following UDP entries overlap each other as possibly they could have exactly
[sim] [Exec ...019.06/bin/vcs -full64 -lca -d...] Level.DEBUG:   same set of input and output values.
[sim] [Exec ...019.06/bin/vcs -full64 -lca -d...] Level.DEBUG:   "/home/aa/users/cs199-apt/cadence/digitallogic/asic_labs_fa23/lab2/build/tech-sky130-cache/primitives.v",
[sim] [Exec ...019.06/bin/vcs -full64 -lca -d...] Level.DEBUG:   1545
[sim] [Exec ...019.06/bin/vcs -full64 -lca -d...] Level.DEBUG:   ?    1    1    : 0;
[sim] [Exec ...019.06/bin/vcs -full64 -lca -d...] Level.DEBUG:   "/home/aa/users/cs199-apt/cadence/digitallogic/asic_labs_fa23/lab2/build/tech-sky130-cache/primitives.v",
[sim] [Exec ...019.06/bin/vcs -full64 -lca -d...] Level.DEBUG:   1547
[sim] [Exec ...019.06/bin/vcs -full64 -lca -d...] Level.DEBUG:   1    1    ?    : 0;
[sim] [Exec ...019.06/bin/vcs -full64 -lca -d...] Level.DEBUG: 
[sim] [Exec ...019.06/bin/vcs -full64 -lca -d...] Level.DEBUG: 
[sim] [Exec ...019.06/bin/vcs -full64 -lca -d...] Level.DEBUG: Lint-[OUDPE] UDP Entries Overlap
[sim] [Exec ...019.06/bin/vcs -full64 -lca -d...] Level.DEBUG: /home/aa/users/cs199-apt/cadence/digitallogic/asic_labs_fa23/lab2/build/tech-sky130-cache/primitives.v, 1620
[sim] [Exec ...019.06/bin/vcs -full64 -lca -d...] Level.DEBUG:   Following UDP entries overlap each other as possibly they could have exactly
[sim] [Exec ...019.06/bin/vcs -full64 -lca -d...] Level.DEBUG:   same set of input and output values.
[sim] [Exec ...019.06/bin/vcs -full64 -lca -d...] Level.DEBUG:   "/home/aa/users/cs199-apt/cadence/digitallogic/asic_labs_fa23/lab2/build/tech-sky130-cache/primitives.v",
[sim] [Exec ...019.06/bin/vcs -full64 -lca -d...] Level.DEBUG:   1612
[sim] [Exec ...019.06/bin/vcs -full64 -lca -d...] Level.DEBUG:   0    ?    ?    ?    0    0    : 0;
[sim] [Exec ...019.06/bin/vcs -full64 -lca -d...] Level.DEBUG:   "/home/aa/users/cs199-apt/cadence/digitallogic/asic_labs_fa23/lab2/build/tech-sky130-cache/primitives.v",
[sim] [Exec ...019.06/bin/vcs -full64 -lca -d...] Level.DEBUG:   1620
[sim] [Exec ...019.06/bin/vcs -full64 -lca -d...] Level.DEBUG:   0    0    0    0    ?    ?    : 0;
[sim] [Exec ...019.06/bin/vcs -full64 -lca -d...] Level.DEBUG: 
[sim] [Exec ...019.06/bin/vcs -full64 -lca -d...] Level.DEBUG: 
[sim] [Exec ...019.06/bin/vcs -full64 -lca -d...] Level.DEBUG: Lint-[OUDPE] UDP Entries Overlap
[sim] [Exec ...019.06/bin/vcs -full64 -lca -d...] Level.DEBUG: /home/aa/users/cs199-apt/cadence/digitallogic/asic_labs_fa23/lab2/build/tech-sky130-cache/primitives.v, 1620
[sim] [Exec ...019.06/bin/vcs -full64 -lca -d...] Level.DEBUG:   Following UDP entries overlap each other as possibly they could have exactly
[sim] [Exec ...019.06/bin/vcs -full64 -lca -d...] Level.DEBUG:   same set of input and output values.
[sim] [Exec ...019.06/bin/vcs -full64 -lca -d...] Level.DEBUG:   "/home/aa/users/cs199-apt/cadence/digitallogic/asic_labs_fa23/lab2/build/tech-sky130-cache/primitives.v",
[sim] [Exec ...019.06/bin/vcs -full64 -lca -d...] Level.DEBUG:   1614
[sim] [Exec ...019.06/bin/vcs -full64 -lca -d...] Level.DEBUG:   ?    0    ?    ?    1    0    : 0;
[sim] [Exec ...019.06/bin/vcs -full64 -lca -d...] Level.DEBUG:   "/home/aa/users/cs199-apt/cadence/digitallogic/asic_labs_fa23/lab2/build/tech-sky130-cache/primitives.v",
[sim] [Exec ...019.06/bin/vcs -full64 -lca -d...] Level.DEBUG:   1620
[sim] [Exec ...019.06/bin/vcs -full64 -lca -d...] Level.DEBUG:   0    0    0    0    ?    ?    : 0;
[sim] [Exec ...019.06/bin/vcs -full64 -lca -d...] Level.DEBUG: 
[sim] [Exec ...019.06/bin/vcs -full64 -lca -d...] Level.DEBUG: 
[sim] [Exec ...019.06/bin/vcs -full64 -lca -d...] Level.DEBUG: Lint-[OUDPE] UDP Entries Overlap
[sim] [Exec ...019.06/bin/vcs -full64 -lca -d...] Level.DEBUG: /home/aa/users/cs199-apt/cadence/digitallogic/asic_labs_fa23/lab2/build/tech-sky130-cache/primitives.v, 1620
[sim] [Exec ...019.06/bin/vcs -full64 -lca -d...] Level.DEBUG:   Following UDP entries overlap each other as possibly they could have exactly
[sim] [Exec ...019.06/bin/vcs -full64 -lca -d...] Level.DEBUG:   same set of input and output values.
[sim] [Exec ...019.06/bin/vcs -full64 -lca -d...] Level.DEBUG:   "/home/aa/users/cs199-apt/cadence/digitallogic/asic_labs_fa23/lab2/build/tech-sky130-cache/primitives.v",
[sim] [Exec ...019.06/bin/vcs -full64 -lca -d...] Level.DEBUG:   1616
[sim] [Exec ...019.06/bin/vcs -full64 -lca -d...] Level.DEBUG:   ?    ?    0    ?    0    1    : 0;
[sim] [Exec ...019.06/bin/vcs -full64 -lca -d...] Level.DEBUG:   "/home/aa/users/cs199-apt/cadence/digitallogic/asic_labs_fa23/lab2/build/tech-sky130-cache/primitives.v",
[sim] [Exec ...019.06/bin/vcs -full64 -lca -d...] Level.DEBUG:   1620
[sim] [Exec ...019.06/bin/vcs -full64 -lca -d...] Level.DEBUG:   0    0    0    0    ?    ?    : 0;
[sim] [Exec ...019.06/bin/vcs -full64 -lca -d...] Level.DEBUG: 
[sim] [Exec ...019.06/bin/vcs -full64 -lca -d...] Level.DEBUG: 
[sim] [Exec ...019.06/bin/vcs -full64 -lca -d...] Level.DEBUG: Lint-[OUDPE] UDP Entries Overlap
[sim] [Exec ...019.06/bin/vcs -full64 -lca -d...] Level.DEBUG: /home/aa/users/cs199-apt/cadence/digitallogic/asic_labs_fa23/lab2/build/tech-sky130-cache/primitives.v, 1620
[sim] [Exec ...019.06/bin/vcs -full64 -lca -d...] Level.DEBUG:   Following UDP entries overlap each other as possibly they could have exactly
[sim] [Exec ...019.06/bin/vcs -full64 -lca -d...] Level.DEBUG:   same set of input and output values.
[sim] [Exec ...019.06/bin/vcs -full64 -lca -d...] Level.DEBUG:   "/home/aa/users/cs199-apt/cadence/digitallogic/asic_labs_fa23/lab2/build/tech-sky130-cache/primitives.v",
[sim] [Exec ...019.06/bin/vcs -full64 -lca -d...] Level.DEBUG:   1618
[sim] [Exec ...019.06/bin/vcs -full64 -lca -d...] Level.DEBUG:   ?    ?    ?    0    1    1    : 0;
[sim] [Exec ...019.06/bin/vcs -full64 -lca -d...] Level.DEBUG:   "/home/aa/users/cs199-apt/cadence/digitallogic/asic_labs_fa23/lab2/build/tech-sky130-cache/primitives.v",
[sim] [Exec ...019.06/bin/vcs -full64 -lca -d...] Level.DEBUG:   1620
[sim] [Exec ...019.06/bin/vcs -full64 -lca -d...] Level.DEBUG:   0    0    0    0    ?    ?    : 0;
[sim] [Exec ...019.06/bin/vcs -full64 -lca -d...] Level.DEBUG: 
[sim] [Exec ...019.06/bin/vcs -full64 -lca -d...] Level.DEBUG: 
[sim] [Exec ...019.06/bin/vcs -full64 -lca -d...] Level.DEBUG: Lint-[OUDPE] UDP Entries Overlap
[sim] [Exec ...019.06/bin/vcs -full64 -lca -d...] Level.DEBUG: /home/aa/users/cs199-apt/cadence/digitallogic/asic_labs_fa23/lab2/build/tech-sky130-cache/primitives.v, 1621
[sim] [Exec ...019.06/bin/vcs -full64 -lca -d...] Level.DEBUG:   Following UDP entries overlap each other as possibly they could have exactly
[sim] [Exec ...019.06/bin/vcs -full64 -lca -d...] Level.DEBUG:   same set of input and output values.
[sim] [Exec ...019.06/bin/vcs -full64 -lca -d...] Level.DEBUG:   "/home/aa/users/cs199-apt/cadence/digitallogic/asic_labs_fa23/lab2/build/tech-sky130-cache/primitives.v",
[sim] [Exec ...019.06/bin/vcs -full64 -lca -d...] Level.DEBUG:   1613
[sim] [Exec ...019.06/bin/vcs -full64 -lca -d...] Level.DEBUG:   1    ?    ?    ?    0    0    : 1;
[sim] [Exec ...019.06/bin/vcs -full64 -lca -d...] Level.DEBUG:   "/home/aa/users/cs199-apt/cadence/digitallogic/asic_labs_fa23/lab2/build/tech-sky130-cache/primitives.v",
[sim] [Exec ...019.06/bin/vcs -full64 -lca -d...] Level.DEBUG:   1621
[sim] [Exec ...019.06/bin/vcs -full64 -lca -d...] Level.DEBUG:   1    1    1    1    ?    ?    : 1;
[sim] [Exec ...019.06/bin/vcs -full64 -lca -d...] Level.DEBUG: 
[sim] [Exec ...019.06/bin/vcs -full64 -lca -d...] Level.DEBUG: 
[sim] [Exec ...019.06/bin/vcs -full64 -lca -d...] Level.DEBUG: Lint-[OUDPE] UDP Entries Overlap
[sim] [Exec ...019.06/bin/vcs -full64 -lca -d...] Level.DEBUG: /home/aa/users/cs199-apt/cadence/digitallogic/asic_labs_fa23/lab2/build/tech-sky130-cache/primitives.v, 1621
[sim] [Exec ...019.06/bin/vcs -full64 -lca -d...] Level.DEBUG:   Following UDP entries overlap each other as possibly they could have exactly
[sim] [Exec ...019.06/bin/vcs -full64 -lca -d...] Level.DEBUG:   same set of input and output values.
[sim] [Exec ...019.06/bin/vcs -full64 -lca -d...] Level.DEBUG:   "/home/aa/users/cs199-apt/cadence/digitallogic/asic_labs_fa23/lab2/build/tech-sky130-cache/primitives.v",
[sim] [Exec ...019.06/bin/vcs -full64 -lca -d...] Level.DEBUG:   1615
[sim] [Exec ...019.06/bin/vcs -full64 -lca -d...] Level.DEBUG:   ?    1    ?    ?    1    0    : 1;
[sim] [Exec ...019.06/bin/vcs -full64 -lca -d...] Level.DEBUG:   "/home/aa/users/cs199-apt/cadence/digitallogic/asic_labs_fa23/lab2/build/tech-sky130-cache/primitives.v",
[sim] [Exec ...019.06/bin/vcs -full64 -lca -d...] Level.DEBUG:   1621
[sim] [Exec ...019.06/bin/vcs -full64 -lca -d...] Level.DEBUG:   1    1    1    1    ?    ?    : 1;
[sim] [Exec ...019.06/bin/vcs -full64 -lca -d...] Level.DEBUG: 
[sim] [Exec ...019.06/bin/vcs -full64 -lca -d...] Level.DEBUG: 
[sim] [Exec ...019.06/bin/vcs -full64 -lca -d...] Level.DEBUG: Lint-[OUDPE] UDP Entries Overlap
[sim] [Exec ...019.06/bin/vcs -full64 -lca -d...] Level.DEBUG: /home/aa/users/cs199-apt/cadence/digitallogic/asic_labs_fa23/lab2/build/tech-sky130-cache/primitives.v, 1621
[sim] [Exec ...019.06/bin/vcs -full64 -lca -d...] Level.DEBUG:   Following UDP entries overlap each other as possibly they could have exactly
[sim] [Exec ...019.06/bin/vcs -full64 -lca -d...] Level.DEBUG:   same set of input and output values.
[sim] [Exec ...019.06/bin/vcs -full64 -lca -d...] Level.DEBUG:   "/home/aa/users/cs199-apt/cadence/digitallogic/asic_labs_fa23/lab2/build/tech-sky130-cache/primitives.v",
[sim] [Exec ...019.06/bin/vcs -full64 -lca -d...] Level.DEBUG:   1617
[sim] [Exec ...019.06/bin/vcs -full64 -lca -d...] Level.DEBUG:   ?    ?    1    ?    0    1    : 1;
[sim] [Exec ...019.06/bin/vcs -full64 -lca -d...] Level.DEBUG:   "/home/aa/users/cs199-apt/cadence/digitallogic/asic_labs_fa23/lab2/build/tech-sky130-cache/primitives.v",
[sim] [Exec ...019.06/bin/vcs -full64 -lca -d...] Level.DEBUG:   1621
[sim] [Exec ...019.06/bin/vcs -full64 -lca -d...] Level.DEBUG:   1    1    1    1    ?    ?    : 1;
[sim] [Exec ...019.06/bin/vcs -full64 -lca -d...] Level.DEBUG: 
[sim] [Exec ...019.06/bin/vcs -full64 -lca -d...] Level.DEBUG: 
[sim] [Exec ...019.06/bin/vcs -full64 -lca -d...] Level.DEBUG: Lint-[OUDPE] UDP Entries Overlap
[sim] [Exec ...019.06/bin/vcs -full64 -lca -d...] Level.DEBUG: /home/aa/users/cs199-apt/cadence/digitallogic/asic_labs_fa23/lab2/build/tech-sky130-cache/primitives.v, 1621
[sim] [Exec ...019.06/bin/vcs -full64 -lca -d...] Level.DEBUG:   Following UDP entries overlap each other as possibly they could have exactly
[sim] [Exec ...019.06/bin/vcs -full64 -lca -d...] Level.DEBUG:   same set of input and output values.
[sim] [Exec ...019.06/bin/vcs -full64 -lca -d...] Level.DEBUG:   "/home/aa/users/cs199-apt/cadence/digitallogic/asic_labs_fa23/lab2/build/tech-sky130-cache/primitives.v",
[sim] [Exec ...019.06/bin/vcs -full64 -lca -d...] Level.DEBUG:   1619
[sim] [Exec ...019.06/bin/vcs -full64 -lca -d...] Level.DEBUG:   ?    ?    ?    1    1    1    : 1;
[sim] [Exec ...019.06/bin/vcs -full64 -lca -d...] Level.DEBUG:   "/home/aa/users/cs199-apt/cadence/digitallogic/asic_labs_fa23/lab2/build/tech-sky130-cache/primitives.v",
[sim] [Exec ...019.06/bin/vcs -full64 -lca -d...] Level.DEBUG:   1621
[sim] [Exec ...019.06/bin/vcs -full64 -lca -d...] Level.DEBUG:   1    1    1    1    ?    ?    : 1;
[sim] [Exec ...019.06/bin/vcs -full64 -lca -d...] Level.DEBUG: 
[sim] [Exec ...019.06/bin/vcs -full64 -lca -d...] Level.DEBUG: 
[sim] [Exec ...019.06/bin/vcs -full64 -lca -d...] Level.DEBUG: Lint-[OUDPE] UDP Entries Overlap
[sim] [Exec ...019.06/bin/vcs -full64 -lca -d...] Level.DEBUG: /home/aa/users/cs199-apt/cadence/digitallogic/asic_labs_fa23/lab2/build/tech-sky130-cache/primitives.v, 1622
[sim] [Exec ...019.06/bin/vcs -full64 -lca -d...] Level.DEBUG:   Following UDP entries overlap each other as possibly they could have exactly
[sim] [Exec ...019.06/bin/vcs -full64 -lca -d...] Level.DEBUG:   same set of input and output values.
[sim] [Exec ...019.06/bin/vcs -full64 -lca -d...] Level.DEBUG:   "/home/aa/users/cs199-apt/cadence/digitallogic/asic_labs_fa23/lab2/build/tech-sky130-cache/primitives.v",
[sim] [Exec ...019.06/bin/vcs -full64 -lca -d...] Level.DEBUG:   1612
[sim] [Exec ...019.06/bin/vcs -full64 -lca -d...] Level.DEBUG:   0    ?    ?    ?    0    0    : 0;
[sim] [Exec ...019.06/bin/vcs -full64 -lca -d...] Level.DEBUG:   "/home/aa/users/cs199-apt/cadence/digitallogic/asic_labs_fa23/lab2/build/tech-sky130-cache/primitives.v",
[sim] [Exec ...019.06/bin/vcs -full64 -lca -d...] Level.DEBUG:   1622
[sim] [Exec ...019.06/bin/vcs -full64 -lca -d...] Level.DEBUG:   0    0    ?    ?    ?    0    : 0;
[sim] [Exec ...019.06/bin/vcs -full64 -lca -d...] Level.DEBUG: 
[sim] [Exec ...019.06/bin/vcs -full64 -lca -d...] Level.DEBUG: 
[sim] [Exec ...019.06/bin/vcs -full64 -lca -d...] Level.DEBUG: Lint-[OUDPE] UDP Entries Overlap
[sim] [Exec ...019.06/bin/vcs -full64 -lca -d...] Level.DEBUG: /home/aa/users/cs199-apt/cadence/digitallogic/asic_labs_fa23/lab2/build/tech-sky130-cache/primitives.v, 1622
[sim] [Exec ...019.06/bin/vcs -full64 -lca -d...] Level.DEBUG:   Following UDP entries overlap each other as possibly they could have exactly
[sim] [Exec ...019.06/bin/vcs -full64 -lca -d...] Level.DEBUG:   same set of input and output values.
[sim] [Exec ...019.06/bin/vcs -full64 -lca -d...] Level.DEBUG:   "/home/aa/users/cs199-apt/cadence/digitallogic/asic_labs_fa23/lab2/build/tech-sky130-cache/primitives.v",
[sim] [Exec ...019.06/bin/vcs -full64 -lca -d...] Level.DEBUG:   1614
[sim] [Exec ...019.06/bin/vcs -full64 -lca -d...] Level.DEBUG:   ?    0    ?    ?    1    0    : 0;
[sim] [Exec ...019.06/bin/vcs -full64 -lca -d...] Level.DEBUG:   "/home/aa/users/cs199-apt/cadence/digitallogic/asic_labs_fa23/lab2/build/tech-sky130-cache/primitives.v",
[sim] [Exec ...019.06/bin/vcs -full64 -lca -d...] Level.DEBUG:   1622
[sim] [Exec ...019.06/bin/vcs -full64 -lca -d...] Level.DEBUG:   0    0    ?    ?    ?    0    : 0;
[sim] [Exec ...019.06/bin/vcs -full64 -lca -d...] Level.DEBUG: 
[sim] [Exec ...019.06/bin/vcs -full64 -lca -d...] Level.DEBUG: 
[sim] [Exec ...019.06/bin/vcs -full64 -lca -d...] Level.DEBUG: Lint-[OUDPE] UDP Entries Overlap
[sim] [Exec ...019.06/bin/vcs -full64 -lca -d...] Level.DEBUG: /home/aa/users/cs199-apt/cadence/digitallogic/asic_labs_fa23/lab2/build/tech-sky130-cache/primitives.v, 1622
[sim] [Exec ...019.06/bin/vcs -full64 -lca -d...] Level.DEBUG:   Following UDP entries overlap each other as possibly they could have exactly
[sim] [Exec ...019.06/bin/vcs -full64 -lca -d...] Level.DEBUG:   same set of input and output values.
[sim] [Exec ...019.06/bin/vcs -full64 -lca -d...] Level.DEBUG:   "/home/aa/users/cs199-apt/cadence/digitallogic/asic_labs_fa23/lab2/build/tech-sky130-cache/primitives.v",
[sim] [Exec ...019.06/bin/vcs -full64 -lca -d...] Level.DEBUG:   1620
[sim] [Exec ...019.06/bin/vcs -full64 -lca -d...] Level.DEBUG:   0    0    0    0    ?    ?    : 0;
[sim] [Exec ...019.06/bin/vcs -full64 -lca -d...] Level.DEBUG:   "/home/aa/users/cs199-apt/cadence/digitallogic/asic_labs_fa23/lab2/build/tech-sky130-cache/primitives.v",
[sim] [Exec ...019.06/bin/vcs -full64 -lca -d...] Level.DEBUG:   1622
[sim] [Exec ...019.06/bin/vcs -full64 -lca -d...] Level.DEBUG:   0    0    ?    ?    ?    0    : 0;
[sim] [Exec ...019.06/bin/vcs -full64 -lca -d...] Level.DEBUG: 
[sim] [Exec ...019.06/bin/vcs -full64 -lca -d...] Level.DEBUG: 
[sim] [Exec ...019.06/bin/vcs -full64 -lca -d...] Level.DEBUG: Lint-[OUDPE] UDP Entries Overlap
[sim] [Exec ...019.06/bin/vcs -full64 -lca -d...] Level.DEBUG: /home/aa/users/cs199-apt/cadence/digitallogic/asic_labs_fa23/lab2/build/tech-sky130-cache/primitives.v, 1623
[sim] [Exec ...019.06/bin/vcs -full64 -lca -d...] Level.DEBUG:   Following UDP entries overlap each other as possibly they could have exactly
[sim] [Exec ...019.06/bin/vcs -full64 -lca -d...] Level.DEBUG:   same set of input and output values.
[sim] [Exec ...019.06/bin/vcs -full64 -lca -d...] Level.DEBUG:   "/home/aa/users/cs199-apt/cadence/digitallogic/asic_labs_fa23/lab2/build/tech-sky130-cache/primitives.v",
[sim] [Exec ...019.06/bin/vcs -full64 -lca -d...] Level.DEBUG:   1613
[sim] [Exec ...019.06/bin/vcs -full64 -lca -d...] Level.DEBUG:   1    ?    ?    ?    0    0    : 1;
[sim] [Exec ...019.06/bin/vcs -full64 -lca -d...] Level.DEBUG:   "/home/aa/users/cs199-apt/cadence/digitallogic/asic_labs_fa23/lab2/build/tech-sky130-cache/primitives.v",
[sim] [Exec ...019.06/bin/vcs -full64 -lca -d...] Level.DEBUG:   1623
[sim] [Exec ...019.06/bin/vcs -full64 -lca -d...] Level.DEBUG:   1    1    ?    ?    ?    0    : 1;
[sim] [Exec ...019.06/bin/vcs -full64 -lca -d...] Level.DEBUG: 
[sim] [Exec ...019.06/bin/vcs -full64 -lca -d...] Level.DEBUG: 
[sim] [Exec ...019.06/bin/vcs -full64 -lca -d...] Level.DEBUG: Lint-[OUDPE] UDP Entries Overlap
[sim] [Exec ...019.06/bin/vcs -full64 -lca -d...] Level.DEBUG: /home/aa/users/cs199-apt/cadence/digitallogic/asic_labs_fa23/lab2/build/tech-sky130-cache/primitives.v, 1623
[sim] [Exec ...019.06/bin/vcs -full64 -lca -d...] Level.DEBUG:   Following UDP entries overlap each other as possibly they could have exactly
[sim] [Exec ...019.06/bin/vcs -full64 -lca -d...] Level.DEBUG:   same set of input and output values.
[sim] [Exec ...019.06/bin/vcs -full64 -lca -d...] Level.DEBUG:   "/home/aa/users/cs199-apt/cadence/digitallogic/asic_labs_fa23/lab2/build/tech-sky130-cache/primitives.v",
[sim] [Exec ...019.06/bin/vcs -full64 -lca -d...] Level.DEBUG:   1615
[sim] [Exec ...019.06/bin/vcs -full64 -lca -d...] Level.DEBUG:   ?    1    ?    ?    1    0    : 1;
[sim] [Exec ...019.06/bin/vcs -full64 -lca -d...] Level.DEBUG:   "/home/aa/users/cs199-apt/cadence/digitallogic/asic_labs_fa23/lab2/build/tech-sky130-cache/primitives.v",
[sim] [Exec ...019.06/bin/vcs -full64 -lca -d...] Level.DEBUG:   1623
[sim] [Exec ...019.06/bin/vcs -full64 -lca -d...] Level.DEBUG:   1    1    ?    ?    ?    0    : 1;
[sim] [Exec ...019.06/bin/vcs -full64 -lca -d...] Level.DEBUG: 
[sim] [Exec ...019.06/bin/vcs -full64 -lca -d...] Level.DEBUG: 
[sim] [Exec ...019.06/bin/vcs -full64 -lca -d...] Level.DEBUG: Lint-[OUDPE] UDP Entries Overlap
[sim] [Exec ...019.06/bin/vcs -full64 -lca -d...] Level.DEBUG: /home/aa/users/cs199-apt/cadence/digitallogic/asic_labs_fa23/lab2/build/tech-sky130-cache/primitives.v, 1623
[sim] [Exec ...019.06/bin/vcs -full64 -lca -d...] Level.DEBUG:   Following UDP entries overlap each other as possibly they could have exactly
[sim] [Exec ...019.06/bin/vcs -full64 -lca -d...] Level.DEBUG:   same set of input and output values.
[sim] [Exec ...019.06/bin/vcs -full64 -lca -d...] Level.DEBUG:   "/home/aa/users/cs199-apt/cadence/digitallogic/asic_labs_fa23/lab2/build/tech-sky130-cache/primitives.v",
[sim] [Exec ...019.06/bin/vcs -full64 -lca -d...] Level.DEBUG:   1621
[sim] [Exec ...019.06/bin/vcs -full64 -lca -d...] Level.DEBUG:   1    1    1    1    ?    ?    : 1;
[sim] [Exec ...019.06/bin/vcs -full64 -lca -d...] Level.DEBUG:   "/home/aa/users/cs199-apt/cadence/digitallogic/asic_labs_fa23/lab2/build/tech-sky130-cache/primitives.v",
[sim] [Exec ...019.06/bin/vcs -full64 -lca -d...] Level.DEBUG:   1623
[sim] [Exec ...019.06/bin/vcs -full64 -lca -d...] Level.DEBUG:   1    1    ?    ?    ?    0    : 1;
[sim] [Exec ...019.06/bin/vcs -full64 -lca -d...] Level.DEBUG: 
[sim] [Exec ...019.06/bin/vcs -full64 -lca -d...] Level.DEBUG: 
[sim] [Exec ...019.06/bin/vcs -full64 -lca -d...] Level.DEBUG: Lint-[OUDPE] UDP Entries Overlap
[sim] [Exec ...019.06/bin/vcs -full64 -lca -d...] Level.DEBUG: /home/aa/users/cs199-apt/cadence/digitallogic/asic_labs_fa23/lab2/build/tech-sky130-cache/primitives.v, 1624
[sim] [Exec ...019.06/bin/vcs -full64 -lca -d...] Level.DEBUG:   Following UDP entries overlap each other as possibly they could have exactly
[sim] [Exec ...019.06/bin/vcs -full64 -lca -d...] Level.DEBUG:   same set of input and output values.
[sim] [Exec ...019.06/bin/vcs -full64 -lca -d...] Level.DEBUG:   "/home/aa/users/cs199-apt/cadence/digitallogic/asic_labs_fa23/lab2/build/tech-sky130-cache/primitives.v",
[sim] [Exec ...019.06/bin/vcs -full64 -lca -d...] Level.DEBUG:   1616
[sim] [Exec ...019.06/bin/vcs -full64 -lca -d...] Level.DEBUG:   ?    ?    0    ?    0    1    : 0;
[sim] [Exec ...019.06/bin/vcs -full64 -lca -d...] Level.DEBUG:   "/home/aa/users/cs199-apt/cadence/digitallogic/asic_labs_fa23/lab2/build/tech-sky130-cache/primitives.v",
[sim] [Exec ...019.06/bin/vcs -full64 -lca -d...] Level.DEBUG:   1624
[sim] [Exec ...019.06/bin/vcs -full64 -lca -d...] Level.DEBUG:   ?    ?    0    0    ?    1    : 0;
[sim] [Exec ...019.06/bin/vcs -full64 -lca -d...] Level.DEBUG: 
[sim] [Exec ...019.06/bin/vcs -full64 -lca -d...] Level.DEBUG: 
[sim] [Exec ...019.06/bin/vcs -full64 -lca -d...] Level.DEBUG: Lint-[OUDPE] UDP Entries Overlap
[sim] [Exec ...019.06/bin/vcs -full64 -lca -d...] Level.DEBUG: /home/aa/users/cs199-apt/cadence/digitallogic/asic_labs_fa23/lab2/build/tech-sky130-cache/primitives.v, 1624
[sim] [Exec ...019.06/bin/vcs -full64 -lca -d...] Level.DEBUG:   Following UDP entries overlap each other as possibly they could have exactly
[sim] [Exec ...019.06/bin/vcs -full64 -lca -d...] Level.DEBUG:   same set of input and output values.
[sim] [Exec ...019.06/bin/vcs -full64 -lca -d...] Level.DEBUG:   "/home/aa/users/cs199-apt/cadence/digitallogic/asic_labs_fa23/lab2/build/tech-sky130-cache/primitives.v",
[sim] [Exec ...019.06/bin/vcs -full64 -lca -d...] Level.DEBUG:   1618
[sim] [Exec ...019.06/bin/vcs -full64 -lca -d...] Level.DEBUG:   ?    ?    ?    0    1    1    : 0;
[sim] [Exec ...019.06/bin/vcs -full64 -lca -d...] Level.DEBUG:   "/home/aa/users/cs199-apt/cadence/digitallogic/asic_labs_fa23/lab2/build/tech-sky130-cache/primitives.v",
[sim] [Exec ...019.06/bin/vcs -full64 -lca -d...] Level.DEBUG:   1624
[sim] [Exec ...019.06/bin/vcs -full64 -lca -d...] Level.DEBUG:   ?    ?    0    0    ?    1    : 0;
[sim] [Exec ...019.06/bin/vcs -full64 -lca -d...] Level.DEBUG: 
[sim] [Exec ...019.06/bin/vcs -full64 -lca -d...] Level.DEBUG: 
[sim] [Exec ...019.06/bin/vcs -full64 -lca -d...] Level.DEBUG: Lint-[OUDPE] UDP Entries Overlap
[sim] [Exec ...019.06/bin/vcs -full64 -lca -d...] Level.DEBUG: /home/aa/users/cs199-apt/cadence/digitallogic/asic_labs_fa23/lab2/build/tech-sky130-cache/primitives.v, 1624
[sim] [Exec ...019.06/bin/vcs -full64 -lca -d...] Level.DEBUG:   Following UDP entries overlap each other as possibly they could have exactly
[sim] [Exec ...019.06/bin/vcs -full64 -lca -d...] Level.DEBUG:   same set of input and output values.
[sim] [Exec ...019.06/bin/vcs -full64 -lca -d...] Level.DEBUG:   "/home/aa/users/cs199-apt/cadence/digitallogic/asic_labs_fa23/lab2/build/tech-sky130-cache/primitives.v",
[sim] [Exec ...019.06/bin/vcs -full64 -lca -d...] Level.DEBUG:   1620
[sim] [Exec ...019.06/bin/vcs -full64 -lca -d...] Level.DEBUG:   0    0    0    0    ?    ?    : 0;
[sim] [Exec ...019.06/bin/vcs -full64 -lca -d...] Level.DEBUG:   "/home/aa/users/cs199-apt/cadence/digitallogic/asic_labs_fa23/lab2/build/tech-sky130-cache/primitives.v",
[sim] [Exec ...019.06/bin/vcs -full64 -lca -d...] Level.DEBUG:   1624
[sim] [Exec ...019.06/bin/vcs -full64 -lca -d...] Level.DEBUG:   ?    ?    0    0    ?    1    : 0;
[sim] [Exec ...019.06/bin/vcs -full64 -lca -d...] Level.DEBUG: 
[sim] [Exec ...019.06/bin/vcs -full64 -lca -d...] Level.DEBUG: 
[sim] [Exec ...019.06/bin/vcs -full64 -lca -d...] Level.DEBUG: Lint-[OUDPE] UDP Entries Overlap
[sim] [Exec ...019.06/bin/vcs -full64 -lca -d...] Level.DEBUG: /home/aa/users/cs199-apt/cadence/digitallogic/asic_labs_fa23/lab2/build/tech-sky130-cache/primitives.v, 1625
[sim] [Exec ...019.06/bin/vcs -full64 -lca -d...] Level.DEBUG:   Following UDP entries overlap each other as possibly they could have exactly
[sim] [Exec ...019.06/bin/vcs -full64 -lca -d...] Level.DEBUG:   same set of input and output values.
[sim] [Exec ...019.06/bin/vcs -full64 -lca -d...] Level.DEBUG:   "/home/aa/users/cs199-apt/cadence/digitallogic/asic_labs_fa23/lab2/build/tech-sky130-cache/primitives.v",
[sim] [Exec ...019.06/bin/vcs -full64 -lca -d...] Level.DEBUG:   1617
[sim] [Exec ...019.06/bin/vcs -full64 -lca -d...] Level.DEBUG:   ?    ?    1    ?    0    1    : 1;
[sim] [Exec ...019.06/bin/vcs -full64 -lca -d...] Level.DEBUG:   "/home/aa/users/cs199-apt/cadence/digitallogic/asic_labs_fa23/lab2/build/tech-sky130-cache/primitives.v",
[sim] [Exec ...019.06/bin/vcs -full64 -lca -d...] Level.DEBUG:   1625
[sim] [Exec ...019.06/bin/vcs -full64 -lca -d...] Level.DEBUG:   ?    ?    1    1    ?    1    : 1;
[sim] [Exec ...019.06/bin/vcs -full64 -lca -d...] Level.DEBUG: 
[sim] [Exec ...019.06/bin/vcs -full64 -lca -d...] Level.DEBUG: 
[sim] [Exec ...019.06/bin/vcs -full64 -lca -d...] Level.DEBUG: Lint-[OUDPE] UDP Entries Overlap
[sim] [Exec ...019.06/bin/vcs -full64 -lca -d...] Level.DEBUG: /home/aa/users/cs199-apt/cadence/digitallogic/asic_labs_fa23/lab2/build/tech-sky130-cache/primitives.v, 1625
[sim] [Exec ...019.06/bin/vcs -full64 -lca -d...] Level.DEBUG:   Following UDP entries overlap each other as possibly they could have exactly
[sim] [Exec ...019.06/bin/vcs -full64 -lca -d...] Level.DEBUG:   same set of input and output values.
[sim] [Exec ...019.06/bin/vcs -full64 -lca -d...] Level.DEBUG:   "/home/aa/users/cs199-apt/cadence/digitallogic/asic_labs_fa23/lab2/build/tech-sky130-cache/primitives.v",
[sim] [Exec ...019.06/bin/vcs -full64 -lca -d...] Level.DEBUG:   1619
[sim] [Exec ...019.06/bin/vcs -full64 -lca -d...] Level.DEBUG:   ?    ?    ?    1    1    1    : 1;
[sim] [Exec ...019.06/bin/vcs -full64 -lca -d...] Level.DEBUG:   "/home/aa/users/cs199-apt/cadence/digitallogic/asic_labs_fa23/lab2/build/tech-sky130-cache/primitives.v",
[sim] [Exec ...019.06/bin/vcs -full64 -lca -d...] Level.DEBUG:   1625
[sim] [Exec ...019.06/bin/vcs -full64 -lca -d...] Level.DEBUG:   ?    ?    1    1    ?    1    : 1;
[sim] [Exec ...019.06/bin/vcs -full64 -lca -d...] Level.DEBUG: 
[sim] [Exec ...019.06/bin/vcs -full64 -lca -d...] Level.DEBUG: 
[sim] [Exec ...019.06/bin/vcs -full64 -lca -d...] Level.DEBUG: Lint-[OUDPE] UDP Entries Overlap
[sim] [Exec ...019.06/bin/vcs -full64 -lca -d...] Level.DEBUG: /home/aa/users/cs199-apt/cadence/digitallogic/asic_labs_fa23/lab2/build/tech-sky130-cache/primitives.v, 1625
[sim] [Exec ...019.06/bin/vcs -full64 -lca -d...] Level.DEBUG:   Following UDP entries overlap each other as possibly they could have exactly
[sim] [Exec ...019.06/bin/vcs -full64 -lca -d...] Level.DEBUG:   same set of input and output values.
[sim] [Exec ...019.06/bin/vcs -full64 -lca -d...] Level.DEBUG:   "/home/aa/users/cs199-apt/cadence/digitallogic/asic_labs_fa23/lab2/build/tech-sky130-cache/primitives.v",
[sim] [Exec ...019.06/bin/vcs -full64 -lca -d...] Level.DEBUG:   1621
[sim] [Exec ...019.06/bin/vcs -full64 -lca -d...] Level.DEBUG:   1    1    1    1    ?    ?    : 1;
[sim] [Exec ...019.06/bin/vcs -full64 -lca -d...] Level.DEBUG:   "/home/aa/users/cs199-apt/cadence/digitallogic/asic_labs_fa23/lab2/build/tech-sky130-cache/primitives.v",
[sim] [Exec ...019.06/bin/vcs -full64 -lca -d...] Level.DEBUG:   1625
[sim] [Exec ...019.06/bin/vcs -full64 -lca -d...] Level.DEBUG:   ?    ?    1    1    ?    1    : 1;
[sim] [Exec ...019.06/bin/vcs -full64 -lca -d...] Level.DEBUG: 
[sim] [Exec ...019.06/bin/vcs -full64 -lca -d...] Level.DEBUG: 
[sim] [Exec ...019.06/bin/vcs -full64 -lca -d...] Level.DEBUG: Lint-[OUDPE] UDP Entries Overlap
[sim] [Exec ...019.06/bin/vcs -full64 -lca -d...] Level.DEBUG: /home/aa/users/cs199-apt/cadence/digitallogic/asic_labs_fa23/lab2/build/tech-sky130-cache/primitives.v, 1626
[sim] [Exec ...019.06/bin/vcs -full64 -lca -d...] Level.DEBUG:   Following UDP entries overlap each other as possibly they could have exactly
[sim] [Exec ...019.06/bin/vcs -full64 -lca -d...] Level.DEBUG:   same set of input and output values.
[sim] [Exec ...019.06/bin/vcs -full64 -lca -d...] Level.DEBUG:   "/home/aa/users/cs199-apt/cadence/digitallogic/asic_labs_fa23/lab2/build/tech-sky130-cache/primitives.v",
[sim] [Exec ...019.06/bin/vcs -full64 -lca -d...] Level.DEBUG:   1612
[sim] [Exec ...019.06/bin/vcs -full64 -lca -d...] Level.DEBUG:   0    ?    ?    ?    0    0    : 0;
[sim] [Exec ...019.06/bin/vcs -full64 -lca -d...] Level.DEBUG:   "/home/aa/users/cs199-apt/cadence/digitallogic/asic_labs_fa23/lab2/build/tech-sky130-cache/primitives.v",
[sim] [Exec ...019.06/bin/vcs -full64 -lca -d...] Level.DEBUG:   1626
[sim] [Exec ...019.06/bin/vcs -full64 -lca -d...] Level.DEBUG:   0    ?    0    ?    0    ?    : 0;
[sim] [Exec ...019.06/bin/vcs -full64 -lca -d...] Level.DEBUG: 
[sim] [Exec ...019.06/bin/vcs -full64 -lca -d...] Level.DEBUG: 
[sim] [Exec ...019.06/bin/vcs -full64 -lca -d...] Level.DEBUG: Lint-[OUDPE] UDP Entries Overlap
[sim] [Exec ...019.06/bin/vcs -full64 -lca -d...] Level.DEBUG: /home/aa/users/cs199-apt/cadence/digitallogic/asic_labs_fa23/lab2/build/tech-sky130-cache/primitives.v, 1626
[sim] [Exec ...019.06/bin/vcs -full64 -lca -d...] Level.DEBUG:   Following UDP entries overlap each other as possibly they could have exactly
[sim] [Exec ...019.06/bin/vcs -full64 -lca -d...] Level.DEBUG:   same set of input and output values.
[sim] [Exec ...019.06/bin/vcs -full64 -lca -d...] Level.DEBUG:   "/home/aa/users/cs199-apt/cadence/digitallogic/asic_labs_fa23/lab2/build/tech-sky130-cache/primitives.v",
[sim] [Exec ...019.06/bin/vcs -full64 -lca -d...] Level.DEBUG:   1616
[sim] [Exec ...019.06/bin/vcs -full64 -lca -d...] Level.DEBUG:   ?    ?    0    ?    0    1    : 0;
[sim] [Exec ...019.06/bin/vcs -full64 -lca -d...] Level.DEBUG:   "/home/aa/users/cs199-apt/cadence/digitallogic/asic_labs_fa23/lab2/build/tech-sky130-cache/primitives.v",
[sim] [Exec ...019.06/bin/vcs -full64 -lca -d...] Level.DEBUG:   1626
[sim] [Exec ...019.06/bin/vcs -full64 -lca -d...] Level.DEBUG:   0    ?    0    ?    0    ?    : 0;
[sim] [Exec ...019.06/bin/vcs -full64 -lca -d...] Level.DEBUG: 
[sim] [Exec ...019.06/bin/vcs -full64 -lca -d...] Level.DEBUG: 
[sim] [Exec ...019.06/bin/vcs -full64 -lca -d...] Level.DEBUG: Lint-[OUDPE] UDP Entries Overlap
[sim] [Exec ...019.06/bin/vcs -full64 -lca -d...] Level.DEBUG: /home/aa/users/cs199-apt/cadence/digitallogic/asic_labs_fa23/lab2/build/tech-sky130-cache/primitives.v, 1626
[sim] [Exec ...019.06/bin/vcs -full64 -lca -d...] Level.DEBUG:   Following UDP entries overlap each other as possibly they could have exactly
[sim] [Exec ...019.06/bin/vcs -full64 -lca -d...] Level.DEBUG:   same set of input and output values.
[sim] [Exec ...019.06/bin/vcs -full64 -lca -d...] Level.DEBUG:   "/home/aa/users/cs199-apt/cadence/digitallogic/asic_labs_fa23/lab2/build/tech-sky130-cache/primitives.v",
[sim] [Exec ...019.06/bin/vcs -full64 -lca -d...] Level.DEBUG:   1620
[sim] [Exec ...019.06/bin/vcs -full64 -lca -d...] Level.DEBUG:   0    0    0    0    ?    ?    : 0;
[sim] [Exec ...019.06/bin/vcs -full64 -lca -d...] Level.DEBUG:   "/home/aa/users/cs199-apt/cadence/digitallogic/asic_labs_fa23/lab2/build/tech-sky130-cache/primitives.v",
[sim] [Exec ...019.06/bin/vcs -full64 -lca -d...] Level.DEBUG:   1626
[sim] [Exec ...019.06/bin/vcs -full64 -lca -d...] Level.DEBUG:   0    ?    0    ?    0    ?    : 0;
[sim] [Exec ...019.06/bin/vcs -full64 -lca -d...] Level.DEBUG: 
[sim] [Exec ...019.06/bin/vcs -full64 -lca -d...] Level.DEBUG: 
[sim] [Exec ...019.06/bin/vcs -full64 -lca -d...] Level.DEBUG: Lint-[OUDPE] UDP Entries Overlap
[sim] [Exec ...019.06/bin/vcs -full64 -lca -d...] Level.DEBUG: /home/aa/users/cs199-apt/cadence/digitallogic/asic_labs_fa23/lab2/build/tech-sky130-cache/primitives.v, 1626
[sim] [Exec ...019.06/bin/vcs -full64 -lca -d...] Level.DEBUG:   Following UDP entries overlap each other as possibly they could have exactly
[sim] [Exec ...019.06/bin/vcs -full64 -lca -d...] Level.DEBUG:   same set of input and output values.
[sim] [Exec ...019.06/bin/vcs -full64 -lca -d...] Level.DEBUG:   "/home/aa/users/cs199-apt/cadence/digitallogic/asic_labs_fa23/lab2/build/tech-sky130-cache/primitives.v",
[sim] [Exec ...019.06/bin/vcs -full64 -lca -d...] Level.DEBUG:   1622
[sim] [Exec ...019.06/bin/vcs -full64 -lca -d...] Level.DEBUG:   0    0    ?    ?    ?    0    : 0;
[sim] [Exec ...019.06/bin/vcs -full64 -lca -d...] Level.DEBUG:   "/home/aa/users/cs199-apt/cadence/digitallogic/asic_labs_fa23/lab2/build/tech-sky130-cache/primitives.v",
[sim] [Exec ...019.06/bin/vcs -full64 -lca -d...] Level.DEBUG:   1626
[sim] [Exec ...019.06/bin/vcs -full64 -lca -d...] Level.DEBUG:   0    ?    0    ?    0    ?    : 0;
[sim] [Exec ...019.06/bin/vcs -full64 -lca -d...] Level.DEBUG: 
[sim] [Exec ...019.06/bin/vcs -full64 -lca -d...] Level.DEBUG: 
[sim] [Exec ...019.06/bin/vcs -full64 -lca -d...] Level.DEBUG: Lint-[OUDPE] UDP Entries Overlap
[sim] [Exec ...019.06/bin/vcs -full64 -lca -d...] Level.DEBUG: /home/aa/users/cs199-apt/cadence/digitallogic/asic_labs_fa23/lab2/build/tech-sky130-cache/primitives.v, 1626
